
                        BEAST v2.7.4, 2002-2023
             Bayesian Evolutionary Analysis Sampling Trees
                       Designed and developed by
 Remco Bouckaert, Alexei J. Drummond, Andrew Rambaut & Marc A. Suchard
                                    
                   Centre for Computational Evolution
                         University of Auckland
                       r.bouckaert@auckland.ac.nz
                        alexei@cs.auckland.ac.nz
                                    
                   Institute of Evolutionary Biology
                        University of Edinburgh
                           a.rambaut@ed.ac.uk
                                    
                    David Geffen School of Medicine
                 University of California, Los Angeles
                           msuchard@ucla.edu
                                    
                      Downloads, Help & Resources:
                           http://beast2.org/
                                    
  Source code distributed under the GNU Lesser General Public License:
                   http://github.com/CompEvol/beast2
                                    
                           BEAST developers:
   Alex Alekseyenko, Trevor Bedford, Erik Bloomquist, Joseph Heled, 
 Sebastian Hoehna, Denise Kuehnert, Philippe Lemey, Wai Lok Sibon Li, 
Gerton Lunter, Sidney Markowitz, Vladimir Minin, Michael Defoin Platel, 
          Oliver Pybus, Tim Vaughan, Chieh-Hsi Wu, Walter Xie
                                    
                               Thanks to:
          Roald Forsberg, Beth Shapiro and Korbinian Strimmer

Random number seed: 1686585997386

File: Phylo.xml seed: 1686585997386 threads: 1
Loading package BEAST.app v2.7.4 ORC v1.1.1 starbeast3 v1.1.7 BEAST.base v2.7.4 MODEL_SELECTION v1.6.1 BEASTLabs v2.0.0 SA v2.1.1 NS v1.2.0    
ebw: 234 20
ecr: 234 20
pae: 234 20
pau: 234 20
seo: 234 20
stm: 234 20
Alignment(p1)
  6 taxa
  234 sites
  73 patterns

ebw: 89 20
ecr: 89 20
pae: 89 20
pau: 89 20
seo: 89 20
stm: 89 20
Alignment(p15)
  6 taxa
  89 sites
  43 patterns

Starting frequencies: [0.0866, 0.0193, 0.057, 0.0581, 0.0384, 0.0833, 0.0244, 0.0485, 0.062, 0.0862, 0.0195, 0.0391, 0.0458, 0.0367, 0.044, 0.0695, 0.061, 0.0709, 0.0144, 0.0353]
  UCRelaxedClockModel: using real rates for rate distribution across branches.
Failed to load BEAGLE library: no hmsbeagle-jni in java.library.path: /usr/local/lib:/gpfs/projects/RestGroup/agilgomez/tools/beast.2.7.4/jre/lib/amd64
TreeLikelihood(treeLikelihood.p10) uses BeerLikelihoodCore
  Alignment(p1): [taxa, patterns, sites] = [6, 73, 234]
ebw: 334 20
ecr: 334 20
pae: 334 20
pau: 334 20
seo: 334 20
stm: 334 20
Alignment(p2)
  6 taxa
  334 sites
  92 patterns

Starting frequencies: [0.074, 0.025, 0.054, 0.054, 0.047, 0.074, 0.026, 0.068, 0.058, 0.099, 0.025, 0.045, 0.039, 0.034, 0.052, 0.057, 0.051, 0.073, 0.013, 0.032]
Failed to load BEAGLE library: no hmsbeagle-jni in java.library.path: /usr/local/lib:/gpfs/projects/RestGroup/agilgomez/tools/beast.2.7.4/jre/lib/amd64
TreeLikelihood(treeLikelihood.p20) uses BeerLikelihoodCore
  Alignment(p2): [taxa, patterns, sites] = [6, 92, 334]
ebw: 955 20
ecr: 955 20
pae: 955 20
pau: 955 20
seo: 955 20
stm: 955 20
Alignment(p3)
  6 taxa
  955 sites
  251 patterns

Starting frequencies: [0.074, 0.025, 0.054, 0.054, 0.047, 0.074, 0.026, 0.068, 0.058, 0.099, 0.025, 0.045, 0.039, 0.034, 0.052, 0.057, 0.051, 0.073, 0.013, 0.032]
Failed to load BEAGLE library: no hmsbeagle-jni in java.library.path: /usr/local/lib:/gpfs/projects/RestGroup/agilgomez/tools/beast.2.7.4/jre/lib/amd64
TreeLikelihood(treeLikelihood.p30) uses BeerLikelihoodCore
  Alignment(p3): [taxa, patterns, sites] = [6, 251, 955]
ebw: 341 20
ecr: 341 20
pae: 341 20
pau: 341 20
seo: 341 20
stm: 341 20
Alignment(p4)
  6 taxa
  341 sites
  99 patterns

Starting frequencies: [0.074, 0.025, 0.054, 0.054, 0.047, 0.074, 0.026, 0.068, 0.058, 0.099, 0.025, 0.045, 0.039, 0.034, 0.052, 0.057, 0.051, 0.073, 0.013, 0.032]
Failed to load BEAGLE library: no hmsbeagle-jni in java.library.path: /usr/local/lib:/gpfs/projects/RestGroup/agilgomez/tools/beast.2.7.4/jre/lib/amd64
TreeLikelihood(treeLikelihood.p40) uses BeerLikelihoodCore
  Alignment(p4): [taxa, patterns, sites] = [6, 99, 341]
ebw: 338 20
ecr: 338 20
pae: 338 20
pau: 338 20
seo: 338 20
stm: 338 20
Alignment(p5)
  6 taxa
  338 sites
  109 patterns

Starting frequencies: [0.074, 0.025, 0.054, 0.054, 0.047, 0.074, 0.026, 0.068, 0.058, 0.099, 0.025, 0.045, 0.039, 0.034, 0.052, 0.057, 0.051, 0.073, 0.013, 0.032]
Failed to load BEAGLE library: no hmsbeagle-jni in java.library.path: /usr/local/lib:/gpfs/projects/RestGroup/agilgomez/tools/beast.2.7.4/jre/lib/amd64
TreeLikelihood(treeLikelihood.p50) uses BeerLikelihoodCore
  Alignment(p5): [taxa, patterns, sites] = [6, 109, 338]
ebw: 366 20
ecr: 366 20
pae: 366 20
pau: 366 20
seo: 366 20
stm: 366 20
Alignment(p6)
  6 taxa
  366 sites
  102 patterns

Starting frequencies: [0.074, 0.025, 0.054, 0.054, 0.047, 0.074, 0.026, 0.068, 0.058, 0.099, 0.025, 0.045, 0.039, 0.034, 0.052, 0.057, 0.051, 0.073, 0.013, 0.032]
Failed to load BEAGLE library: no hmsbeagle-jni in java.library.path: /usr/local/lib:/gpfs/projects/RestGroup/agilgomez/tools/beast.2.7.4/jre/lib/amd64
TreeLikelihood(treeLikelihood.p60) uses BeerLikelihoodCore
  Alignment(p6): [taxa, patterns, sites] = [6, 102, 366]
ebw: 143 20
ecr: 143 20
pae: 143 20
pau: 143 20
seo: 143 20
stm: 143 20
Alignment(p7)
  6 taxa
  143 sites
  49 patterns

Starting frequencies: [0.074, 0.025, 0.054, 0.054, 0.047, 0.074, 0.026, 0.068, 0.058, 0.099, 0.025, 0.045, 0.039, 0.034, 0.052, 0.057, 0.051, 0.073, 0.013, 0.032]
Failed to load BEAGLE library: no hmsbeagle-jni in java.library.path: /usr/local/lib:/gpfs/projects/RestGroup/agilgomez/tools/beast.2.7.4/jre/lib/amd64
TreeLikelihood(treeLikelihood.p70) uses BeerLikelihoodCore
  Alignment(p7): [taxa, patterns, sites] = [6, 49, 143]
ebw: 142 20
ecr: 142 20
pae: 142 20
pau: 142 20
seo: 142 20
stm: 142 20
Alignment(p8)
  6 taxa
  142 sites
  49 patterns

Starting frequencies: [0.074, 0.025, 0.054, 0.054, 0.047, 0.074, 0.026, 0.068, 0.058, 0.099, 0.025, 0.045, 0.039, 0.034, 0.052, 0.057, 0.051, 0.073, 0.013, 0.032]
Failed to load BEAGLE library: no hmsbeagle-jni in java.library.path: /usr/local/lib:/gpfs/projects/RestGroup/agilgomez/tools/beast.2.7.4/jre/lib/amd64
TreeLikelihood(treeLikelihood.p80) uses BeerLikelihoodCore
  Alignment(p8): [taxa, patterns, sites] = [6, 49, 142]
ebw: 123 20
ecr: 123 20
pae: 123 20
pau: 123 20
seo: 123 20
stm: 123 20
Alignment(p9)
  6 taxa
  123 sites
  35 patterns

Starting frequencies: [0.074, 0.025, 0.054, 0.054, 0.047, 0.074, 0.026, 0.068, 0.058, 0.099, 0.025, 0.045, 0.039, 0.034, 0.052, 0.057, 0.051, 0.073, 0.013, 0.032]
Failed to load BEAGLE library: no hmsbeagle-jni in java.library.path: /usr/local/lib:/gpfs/projects/RestGroup/agilgomez/tools/beast.2.7.4/jre/lib/amd64
TreeLikelihood(treeLikelihood.p90) uses BeerLikelihoodCore
  Alignment(p9): [taxa, patterns, sites] = [6, 35, 123]
ebw: 110 20
ecr: 110 20
pae: 110 20
pau: 110 20
seo: 110 20
stm: 110 20
Alignment(p10)
  6 taxa
  110 sites
  46 patterns

Starting frequencies: [0.074, 0.025, 0.054, 0.054, 0.047, 0.074, 0.026, 0.068, 0.058, 0.099, 0.025, 0.045, 0.039, 0.034, 0.052, 0.057, 0.051, 0.073, 0.013, 0.032]
Failed to load BEAGLE library: no hmsbeagle-jni in java.library.path: /usr/local/lib:/gpfs/projects/RestGroup/agilgomez/tools/beast.2.7.4/jre/lib/amd64
TreeLikelihood(treeLikelihood.p100) uses BeerLikelihoodCore
  Alignment(p10): [taxa, patterns, sites] = [6, 46, 110]
ebw: 212 20
ecr: 212 20
pae: 212 20
pau: 212 20
seo: 212 20
stm: 212 20
Alignment(p11)
  6 taxa
  212 sites
  64 patterns

Starting frequencies: [0.074, 0.025, 0.054, 0.054, 0.047, 0.074, 0.026, 0.068, 0.058, 0.099, 0.025, 0.045, 0.039, 0.034, 0.052, 0.057, 0.051, 0.073, 0.013, 0.032]
Failed to load BEAGLE library: no hmsbeagle-jni in java.library.path: /usr/local/lib:/gpfs/projects/RestGroup/agilgomez/tools/beast.2.7.4/jre/lib/amd64
TreeLikelihood(treeLikelihood.p110) uses BeerLikelihoodCore
  Alignment(p11): [taxa, patterns, sites] = [6, 64, 212]
ebw: 179 20
ecr: 179 20
pae: 179 20
pau: 179 20
seo: 179 20
stm: 179 20
Alignment(p12)
  6 taxa
  179 sites
  56 patterns

Starting frequencies: [0.074, 0.025, 0.054, 0.054, 0.047, 0.074, 0.026, 0.068, 0.058, 0.099, 0.025, 0.045, 0.039, 0.034, 0.052, 0.057, 0.051, 0.073, 0.013, 0.032]
Failed to load BEAGLE library: no hmsbeagle-jni in java.library.path: /usr/local/lib:/gpfs/projects/RestGroup/agilgomez/tools/beast.2.7.4/jre/lib/amd64
TreeLikelihood(treeLikelihood.p120) uses BeerLikelihoodCore
  Alignment(p12): [taxa, patterns, sites] = [6, 56, 179]
ebw: 149 20
ecr: 149 20
pae: 149 20
pau: 149 20
seo: 149 20
stm: 149 20
Alignment(p13)
  6 taxa
  149 sites
  63 patterns

Starting frequencies: [0.074, 0.025, 0.054, 0.054, 0.047, 0.074, 0.026, 0.068, 0.058, 0.099, 0.025, 0.045, 0.039, 0.034, 0.052, 0.057, 0.051, 0.073, 0.013, 0.032]
Failed to load BEAGLE library: no hmsbeagle-jni in java.library.path: /usr/local/lib:/gpfs/projects/RestGroup/agilgomez/tools/beast.2.7.4/jre/lib/amd64
TreeLikelihood(treeLikelihood.p130) uses BeerLikelihoodCore
  Alignment(p13): [taxa, patterns, sites] = [6, 63, 149]
ebw: 129 20
ecr: 129 20
pae: 129 20
pau: 129 20
seo: 129 20
stm: 129 20
Alignment(p14)
  6 taxa
  129 sites
  42 patterns

Starting frequencies: [0.074, 0.025, 0.054, 0.054, 0.047, 0.074, 0.026, 0.068, 0.058, 0.099, 0.025, 0.045, 0.039, 0.034, 0.052, 0.057, 0.051, 0.073, 0.013, 0.032]
Failed to load BEAGLE library: no hmsbeagle-jni in java.library.path: /usr/local/lib:/gpfs/projects/RestGroup/agilgomez/tools/beast.2.7.4/jre/lib/amd64
TreeLikelihood(treeLikelihood.p140) uses BeerLikelihoodCore
  Alignment(p14): [taxa, patterns, sites] = [6, 42, 129]
Starting frequencies: [0.074, 0.025, 0.054, 0.054, 0.047, 0.074, 0.026, 0.068, 0.058, 0.099, 0.025, 0.045, 0.039, 0.034, 0.052, 0.057, 0.051, 0.073, 0.013, 0.032]
Failed to load BEAGLE library: no hmsbeagle-jni in java.library.path: /usr/local/lib:/gpfs/projects/RestGroup/agilgomez/tools/beast.2.7.4/jre/lib/amd64
TreeLikelihood(treeLikelihood.p150) uses BeerLikelihoodCore
  Alignment(p15): [taxa, patterns, sites] = [6, 43, 89]
ebw: 88 20
ecr: 88 20
pae: 88 20
pau: 88 20
seo: 88 20
stm: 88 20
Alignment(p16)
  6 taxa
  88 sites
  48 patterns

Starting frequencies: [0.074, 0.025, 0.054, 0.054, 0.047, 0.074, 0.026, 0.068, 0.058, 0.099, 0.025, 0.045, 0.039, 0.034, 0.052, 0.057, 0.051, 0.073, 0.013, 0.032]
Failed to load BEAGLE library: no hmsbeagle-jni in java.library.path: /usr/local/lib:/gpfs/projects/RestGroup/agilgomez/tools/beast.2.7.4/jre/lib/amd64
TreeLikelihood(treeLikelihood.p160) uses BeerLikelihoodCore
  Alignment(p16): [taxa, patterns, sites] = [6, 48, 88]
ebw: 247 20
ecr: 247 20
pae: 247 20
pau: 247 20
seo: 247 20
stm: 247 20
Alignment(p17)
  6 taxa
  247 sites
  81 patterns

Starting frequencies: [0.074, 0.025, 0.054, 0.054, 0.047, 0.074, 0.026, 0.068, 0.058, 0.099, 0.025, 0.045, 0.039, 0.034, 0.052, 0.057, 0.051, 0.073, 0.013, 0.032]
Failed to load BEAGLE library: no hmsbeagle-jni in java.library.path: /usr/local/lib:/gpfs/projects/RestGroup/agilgomez/tools/beast.2.7.4/jre/lib/amd64
TreeLikelihood(treeLikelihood.p170) uses BeerLikelihoodCore
  Alignment(p17): [taxa, patterns, sites] = [6, 81, 247]
ebw: 233 20
ecr: 233 20
pae: 233 20
pau: 233 20
seo: 233 20
stm: 233 20
Alignment(p18)
  6 taxa
  233 sites
  75 patterns

Starting frequencies: [0.074, 0.025, 0.054, 0.054, 0.047, 0.074, 0.026, 0.068, 0.058, 0.099, 0.025, 0.045, 0.039, 0.034, 0.052, 0.057, 0.051, 0.073, 0.013, 0.032]
Failed to load BEAGLE library: no hmsbeagle-jni in java.library.path: /usr/local/lib:/gpfs/projects/RestGroup/agilgomez/tools/beast.2.7.4/jre/lib/amd64
TreeLikelihood(treeLikelihood.p180) uses BeerLikelihoodCore
  Alignment(p18): [taxa, patterns, sites] = [6, 75, 233]
ebw: 206 20
ecr: 206 20
pae: 206 20
pau: 206 20
seo: 206 20
stm: 206 20
Alignment(p19)
  6 taxa
  206 sites
  62 patterns

Starting frequencies: [0.074, 0.025, 0.054, 0.054, 0.047, 0.074, 0.026, 0.068, 0.058, 0.099, 0.025, 0.045, 0.039, 0.034, 0.052, 0.057, 0.051, 0.073, 0.013, 0.032]
Failed to load BEAGLE library: no hmsbeagle-jni in java.library.path: /usr/local/lib:/gpfs/projects/RestGroup/agilgomez/tools/beast.2.7.4/jre/lib/amd64
TreeLikelihood(treeLikelihood.p190) uses BeerLikelihoodCore
  Alignment(p19): [taxa, patterns, sites] = [6, 62, 206]
ebw: 168 20
ecr: 168 20
pae: 168 20
pau: 168 20
seo: 168 20
stm: 168 20
Alignment(p20)
  6 taxa
  168 sites
  54 patterns

Starting frequencies: [0.074, 0.025, 0.054, 0.054, 0.047, 0.074, 0.026, 0.068, 0.058, 0.099, 0.025, 0.045, 0.039, 0.034, 0.052, 0.057, 0.051, 0.073, 0.013, 0.032]
Failed to load BEAGLE library: no hmsbeagle-jni in java.library.path: /usr/local/lib:/gpfs/projects/RestGroup/agilgomez/tools/beast.2.7.4/jre/lib/amd64
TreeLikelihood(treeLikelihood.p200) uses BeerLikelihoodCore
  Alignment(p20): [taxa, patterns, sites] = [6, 54, 168]
ebw: 179 20
ecr: 179 20
pae: 179 20
pau: 179 20
seo: 179 20
stm: 179 20
Alignment(p21)
  6 taxa
  179 sites
  73 patterns

Starting frequencies: [0.074, 0.025, 0.054, 0.054, 0.047, 0.074, 0.026, 0.068, 0.058, 0.099, 0.025, 0.045, 0.039, 0.034, 0.052, 0.057, 0.051, 0.073, 0.013, 0.032]
Failed to load BEAGLE library: no hmsbeagle-jni in java.library.path: /usr/local/lib:/gpfs/projects/RestGroup/agilgomez/tools/beast.2.7.4/jre/lib/amd64
TreeLikelihood(treeLikelihood.p210) uses BeerLikelihoodCore
  Alignment(p21): [taxa, patterns, sites] = [6, 73, 179]
ebw: 130 20
ecr: 130 20
pae: 130 20
pau: 130 20
seo: 130 20
stm: 130 20
Alignment(p22)
  6 taxa
  130 sites
  55 patterns

Starting frequencies: [0.074, 0.025, 0.054, 0.054, 0.047, 0.074, 0.026, 0.068, 0.058, 0.099, 0.025, 0.045, 0.039, 0.034, 0.052, 0.057, 0.051, 0.073, 0.013, 0.032]
Failed to load BEAGLE library: no hmsbeagle-jni in java.library.path: /usr/local/lib:/gpfs/projects/RestGroup/agilgomez/tools/beast.2.7.4/jre/lib/amd64
TreeLikelihood(treeLikelihood.p220) uses BeerLikelihoodCore
  Alignment(p22): [taxa, patterns, sites] = [6, 55, 130]
ebw: 130 20
ecr: 130 20
pae: 130 20
pau: 130 20
seo: 130 20
stm: 130 20
Alignment(p23)
  6 taxa
  130 sites
  45 patterns

Starting frequencies: [0.074, 0.025, 0.054, 0.054, 0.047, 0.074, 0.026, 0.068, 0.058, 0.099, 0.025, 0.045, 0.039, 0.034, 0.052, 0.057, 0.051, 0.073, 0.013, 0.032]
Failed to load BEAGLE library: no hmsbeagle-jni in java.library.path: /usr/local/lib:/gpfs/projects/RestGroup/agilgomez/tools/beast.2.7.4/jre/lib/amd64
TreeLikelihood(treeLikelihood.p230) uses BeerLikelihoodCore
  Alignment(p23): [taxa, patterns, sites] = [6, 45, 130]
ebw: 430 20
ecr: 430 20
pae: 430 20
pau: 430 20
seo: 430 20
stm: 430 20
Alignment(p24)
  6 taxa
  430 sites
  118 patterns

Starting frequencies: [0.074, 0.025, 0.054, 0.054, 0.047, 0.074, 0.026, 0.068, 0.058, 0.099, 0.025, 0.045, 0.039, 0.034, 0.052, 0.057, 0.051, 0.073, 0.013, 0.032]
Failed to load BEAGLE library: no hmsbeagle-jni in java.library.path: /usr/local/lib:/gpfs/projects/RestGroup/agilgomez/tools/beast.2.7.4/jre/lib/amd64
TreeLikelihood(treeLikelihood.p240) uses BeerLikelihoodCore
  Alignment(p24): [taxa, patterns, sites] = [6, 118, 430]
ebw: 590 20
ecr: 590 20
pae: 590 20
pau: 590 20
seo: 590 20
stm: 590 20
Alignment(p25)
  6 taxa
  590 sites
  187 patterns

Starting frequencies: [0.074, 0.025, 0.054, 0.054, 0.047, 0.074, 0.026, 0.068, 0.058, 0.099, 0.025, 0.045, 0.039, 0.034, 0.052, 0.057, 0.051, 0.073, 0.013, 0.032]
Failed to load BEAGLE library: no hmsbeagle-jni in java.library.path: /usr/local/lib:/gpfs/projects/RestGroup/agilgomez/tools/beast.2.7.4/jre/lib/amd64
TreeLikelihood(treeLikelihood.p250) uses BeerLikelihoodCore
  Alignment(p25): [taxa, patterns, sites] = [6, 187, 590]
ebw: 1360 20
ecr: 1360 20
pae: 1360 20
pau: 1360 20
seo: 1360 20
stm: 1360 20
Alignment(p26)
  6 taxa
  1360 sites
  193 patterns

Starting frequencies: [0.074, 0.025, 0.054, 0.054, 0.047, 0.074, 0.026, 0.068, 0.058, 0.099, 0.025, 0.045, 0.039, 0.034, 0.052, 0.057, 0.051, 0.073, 0.013, 0.032]
Failed to load BEAGLE library: no hmsbeagle-jni in java.library.path: /usr/local/lib:/gpfs/projects/RestGroup/agilgomez/tools/beast.2.7.4/jre/lib/amd64
TreeLikelihood(treeLikelihood.p260) uses BeerLikelihoodCore
  Alignment(p26): [taxa, patterns, sites] = [6, 193, 1360]
ebw: 118 20
ecr: 118 20
pae: 118 20
pau: 118 20
seo: 118 20
stm: 118 20
Alignment(p27)
  6 taxa
  118 sites
  40 patterns

Starting frequencies: [0.074, 0.025, 0.054, 0.054, 0.047, 0.074, 0.026, 0.068, 0.058, 0.099, 0.025, 0.045, 0.039, 0.034, 0.052, 0.057, 0.051, 0.073, 0.013, 0.032]
Failed to load BEAGLE library: no hmsbeagle-jni in java.library.path: /usr/local/lib:/gpfs/projects/RestGroup/agilgomez/tools/beast.2.7.4/jre/lib/amd64
TreeLikelihood(treeLikelihood.p270) uses BeerLikelihoodCore
  Alignment(p27): [taxa, patterns, sites] = [6, 40, 118]
Warning: removing transform class beast.base.inference.operator.kernel.Transform$LogConstrainedSumTransform because it should have at least 2 dimensions but it has 0
===============================================================================
Citations for this model:

Bouckaert, Remco, Timothy G. Vaughan, Joëlle Barido-Sottani, Sebastián Duchêne, Mathieu Fourment, 
Alexandra Gavryushkina, Joseph Heled, Graham Jones, Denise Kühnert, Nicola De Maio, Michael Matschiner, 
Fábio K. Mendes, Nicola F. Müller, Huw A. Ogilvie, Louis du Plessis, Alex Popinga, Andrew Rambaut, 
David Rasmussen, Igor Siveroni, Marc A. Suchard, Chieh-Hsi Wu, Dong Xie, Chi Zhang, Tanja Stadler, 
Alexei J. Drummond 
  BEAST 2.5: An advanced software platform for Bayesian evolutionary analysis. 
  PLoS computational biology 15, no. 4 (2019): e1006650.

Drummond AJ, Ho SYW, Phillips MJ, Rambaut A (2006) Relaxed Phylogenetics and
  Dating with Confidence. PLoS Biol 4(5): e88

Bouckaert RR. An efficient coalescent epoch model for Bayesian phylogenetic inference. Systematic Biology, syac015, 2022

Douglas J, Zhang R, Bouckaert R. Adaptive dating and fast proposals: Revisiting the phylogenetic relaxed clock model. PLoS computational biology. 2021 Feb 2;17(2):e1008322.

Zhang, R., Drummond, A. (2020) Improving the performance of Bayesian phylogenetic inference
  under relaxed clock models. BMC Evol Biol 20, 54

===============================================================================
Start likelihood: -80505.9780239645 
Writing file Phylo.log
Writing file Phylo-p1.trees
         Sample      posterior     likelihood          prior
              0    -80410.4309    -77346.8040     -3063.6268 --
           1000    -45187.6155    -45121.1147       -66.5008 --
           2000    -45158.2737    -45098.9506       -59.3230 --
           3000    -45108.6292    -45049.9434       -58.6858 --
           4000    -34874.1982    -34799.7775       -74.4207 --
           5000    -33625.5016    -33557.8482       -67.6533 --
           6000    -33626.3361    -33557.3170       -69.0190 --
           7000    -33622.1795    -33555.9999       -66.1796 --
           8000    -33622.1755    -33558.5938       -63.5817 --
           9000    -33619.4409    -33559.4842       -59.9567 --
          10000    -33617.9349    -33554.3654       -63.5694 --
          11000    -33619.1278    -33557.9598       -61.1680 44m45s/Msamples
          12000    -33625.5525    -33561.3619       -64.1905 43m52s/Msamples
          13000    -33629.7535    -33565.8957       -63.8577 42m30s/Msamples
          14000    -33614.9710    -33556.2100       -58.7610 42m40s/Msamples
          15000    -33613.2146    -33556.9150       -56.2995 43m9s/Msamples
          16000    -33615.6073    -33552.2723       -63.3349 43m14s/Msamples
          17000    -33609.5466    -33554.2450       -55.3015 43m20s/Msamples
          18000    -33611.3585    -33554.8714       -56.4871 43m21s/Msamples
          19000    -33613.7444    -33556.4560       -57.2883 43m25s/Msamples
          20000    -33612.4841    -33555.0340       -57.4500 43m22s/Msamples
          21000    -33611.4737    -33554.1063       -57.3674 43m19s/Msamples
          22000    -33617.3323    -33558.4201       -58.9122 43m13s/Msamples
          23000    -33618.5335    -33559.1803       -59.3531 43m16s/Msamples
          24000    -33611.1523    -33554.6840       -56.4682 43m18s/Msamples
          25000    -33611.5601    -33554.9477       -56.6123 43m20s/Msamples
          26000    -33611.0579    -33553.4668       -57.5911 43m24s/Msamples
          27000    -33612.0841    -33554.3029       -57.7812 43m19s/Msamples
          28000    -33615.2366    -33552.4532       -62.7834 43m19s/Msamples
          29000    -33614.6553    -33556.0619       -58.5934 43m31s/Msamples
          30000    -33614.8548    -33555.0481       -59.8067 43m38s/Msamples
          31000    -33614.8564    -33551.5166       -63.3398 43m45s/Msamples
          32000    -33613.8511    -33554.8670       -58.9841 43m50s/Msamples
          33000    -33618.2499    -33555.7643       -62.4856 43m56s/Msamples
          34000    -33609.9707    -33555.1536       -54.8170 44m1s/Msamples
          35000    -33616.0749    -33556.8508       -59.2240 44m1s/Msamples
          36000    -33624.7257    -33558.8557       -65.8699 44m4s/Msamples
          37000    -33618.5726    -33554.2433       -64.3292 44m9s/Msamples
          38000    -33611.8473    -33552.5056       -59.3417 44m10s/Msamples
          39000    -33619.5826    -33555.1337       -64.4489 44m11s/Msamples
          40000    -33618.9060    -33558.5313       -60.3746 44m11s/Msamples
          41000    -33616.2521    -33558.2146       -58.0374 44m15s/Msamples
          42000    -33612.7535    -33554.1335       -58.6200 44m12s/Msamples
          43000    -33611.9157    -33552.8895       -59.0261 44m10s/Msamples
          44000    -33611.6427    -33552.7401       -58.9025 44m12s/Msamples
          45000    -33611.5407    -33552.8903       -58.6504 44m13s/Msamples
          46000    -33612.9233    -33553.0603       -59.8629 44m14s/Msamples
          47000    -33610.8618    -33554.4013       -56.4604 44m13s/Msamples
          48000    -33613.5479    -33551.9899       -61.5580 44m13s/Msamples
          49000    -33609.6076    -33553.1500       -56.4575 44m14s/Msamples
          50000    -33615.0044    -33554.9129       -60.0915 44m15s/Msamples
          51000    -33613.8026    -33555.4248       -58.3777 44m13s/Msamples
          52000    -33614.4029    -33554.9798       -59.4230 44m10s/Msamples
          53000    -33611.8584    -33555.0790       -56.7793 44m9s/Msamples
          54000    -33612.9761    -33553.7687       -59.2074 44m5s/Msamples
          55000    -33615.8868    -33553.3891       -62.4976 44m5s/Msamples
          56000    -33612.8851    -33553.7505       -59.1346 44m8s/Msamples
          57000    -33610.0937    -33552.8888       -57.2049 44m10s/Msamples
          58000    -33616.0618    -33556.8627       -59.1991 44m10s/Msamples
          59000    -33613.1247    -33553.8271       -59.2976 44m10s/Msamples
          60000    -33613.8539    -33552.7552       -61.0987 44m10s/Msamples
          61000    -33617.2849    -33552.0965       -65.1883 44m8s/Msamples
          62000    -33614.2343    -33555.6390       -58.5953 44m8s/Msamples
          63000    -33611.3972    -33552.6615       -58.7357 44m7s/Msamples
          64000    -33610.9581    -33554.1812       -56.7768 44m8s/Msamples
          65000    -33607.7140    -33554.6155       -53.0985 44m7s/Msamples
          66000    -33606.2850    -33552.8189       -53.4661 44m7s/Msamples
          67000    -33615.6549    -33553.4494       -62.2054 44m8s/Msamples
          68000    -33618.4426    -33561.3401       -57.1024 44m8s/Msamples
          69000    -33607.4761    -33554.7010       -52.7751 44m6s/Msamples
          70000    -33611.0162    -33557.3826       -53.6335 44m5s/Msamples
          71000    -33609.0998    -33555.8070       -53.2927 44m4s/Msamples
          72000    -33609.1528    -33554.1521       -55.0007 44m3s/Msamples
          73000    -33607.9876    -33553.3435       -54.6441 44m3s/Msamples
          74000    -33610.9855    -33553.3629       -57.6225 44m0s/Msamples
          75000    -33607.5838    -33554.8400       -52.7438 43m59s/Msamples
          76000    -33607.8708    -33556.1827       -51.6881 43m56s/Msamples
          77000    -33607.6078    -33553.7833       -53.8245 43m54s/Msamples
          78000    -33611.7718    -33557.4879       -54.2839 43m54s/Msamples
          79000    -33608.8071    -33554.3411       -54.4660 43m53s/Msamples
          80000    -33615.1851    -33557.7848       -57.4003 43m52s/Msamples
          81000    -33613.9140    -33554.8851       -59.0289 43m51s/Msamples
          82000    -33604.9969    -33551.5433       -53.4536 43m50s/Msamples
          83000    -33608.9585    -33555.1251       -53.8334 43m49s/Msamples
          84000    -33607.5848    -33554.2625       -53.3223 43m47s/Msamples
          85000    -33624.7160    -33555.3130       -69.4029 43m47s/Msamples
          86000    -33609.1395    -33556.1369       -53.0026 43m47s/Msamples
          87000    -33614.9161    -33555.6395       -59.2766 43m48s/Msamples
          88000    -33614.1131    -33556.0598       -58.0533 43m48s/Msamples
          89000    -33611.1868    -33554.4862       -56.7006 43m47s/Msamples
          90000    -33611.8236    -33553.7898       -58.0337 43m47s/Msamples
          91000    -33613.0303    -33554.8724       -58.1579 43m49s/Msamples
          92000    -33622.1169    -33557.8230       -64.2938 43m49s/Msamples
          93000    -33612.0532    -33553.2696       -58.7835 43m51s/Msamples
          94000    -33610.9898    -33553.8003       -57.1894 43m51s/Msamples
          95000    -33611.8447    -33553.7775       -58.0672 43m51s/Msamples
          96000    -33610.1884    -33554.7699       -55.4185 43m51s/Msamples
          97000    -33614.8807    -33555.2197       -59.6609 43m50s/Msamples
          98000    -33613.0822    -33554.0427       -59.0394 43m49s/Msamples
          99000    -33608.5239    -33552.7412       -55.7826 43m48s/Msamples
         100000    -33607.6995    -33554.5450       -53.1544 43m48s/Msamples
         101000    -33610.8877    -33555.7132       -55.1744 43m49s/Msamples
         102000    -33613.8083    -33554.5707       -59.2376 43m51s/Msamples
         103000    -33609.1666    -33555.5290       -53.6376 43m52s/Msamples
         104000    -33608.8279    -33552.9390       -55.8888 43m53s/Msamples
         105000    -33612.1914    -33554.8542       -57.3371 43m53s/Msamples
         106000    -33611.2755    -33557.7501       -53.5254 43m54s/Msamples
         107000    -33609.0928    -33554.6623       -54.4305 43m53s/Msamples
         108000    -33611.8951    -33557.1552       -54.7399 43m52s/Msamples
         109000    -33612.2863    -33554.9055       -57.3808 43m52s/Msamples
         110000    -33612.2221    -33554.4690       -57.7531 43m52s/Msamples
         111000    -33610.0453    -33553.9242       -56.1211 43m51s/Msamples
         112000    -33611.4985    -33554.7754       -56.7230 43m51s/Msamples
         113000    -33616.5902    -33557.6503       -58.9398 43m50s/Msamples
         114000    -33608.7101    -33553.7398       -54.9703 43m50s/Msamples
         115000    -33613.7677    -33554.3370       -59.4306 43m51s/Msamples
         116000    -33613.5131    -33556.4174       -57.0957 43m50s/Msamples
         117000    -33606.8458    -33552.0084       -54.8374 43m50s/Msamples
         118000    -33608.0173    -33551.5244       -56.4928 43m50s/Msamples
         119000    -33602.7868    -33552.1189       -50.6679 43m51s/Msamples
         120000    -33611.9984    -33555.3560       -56.6424 43m52s/Msamples
         121000    -33612.8183    -33556.1580       -56.6602 43m53s/Msamples
         122000    -33610.5874    -33552.9718       -57.6155 43m53s/Msamples
         123000    -33611.8088    -33552.1365       -59.6722 43m55s/Msamples
         124000    -33606.4104    -33551.9479       -54.4624 43m55s/Msamples
         125000    -33602.2784    -33551.8510       -50.4274 43m56s/Msamples
         126000    -33609.7393    -33553.9824       -55.7569 43m57s/Msamples
         127000    -33607.5624    -33558.6999       -48.8624 43m58s/Msamples
         128000    -33606.4657    -33554.3016       -52.1641 43m58s/Msamples
         129000    -33614.2467    -33556.6316       -57.6150 43m58s/Msamples
         130000    -33609.2298    -33555.8153       -53.4145 43m59s/Msamples
         131000    -33609.4561    -33554.7472       -54.7089 43m59s/Msamples
         132000    -33606.9466    -33552.1316       -54.8150 43m59s/Msamples
         133000    -33607.8891    -33550.9707       -56.9184 44m0s/Msamples
         134000    -33608.5785    -33554.8224       -53.7560 44m0s/Msamples
         135000    -33609.8210    -33551.3327       -58.4883 43m59s/Msamples
         136000    -33611.1632    -33554.7470       -56.4162 44m1s/Msamples
         137000    -33606.0425    -33552.4688       -53.5736 44m0s/Msamples
         138000    -33608.2161    -33553.7578       -54.4583 44m0s/Msamples
         139000    -33610.4016    -33554.8500       -55.5516 44m0s/Msamples
         140000    -33610.0119    -33556.4192       -53.5927 44m0s/Msamples
         141000    -33616.6124    -33556.9457       -59.6667 43m59s/Msamples
         142000    -33622.7416    -33560.8048       -61.9367 43m58s/Msamples
         143000    -33616.3921    -33560.8337       -55.5583 43m58s/Msamples
         144000    -33623.0945    -33558.7782       -64.3162 43m57s/Msamples
         145000    -33613.3334    -33556.2178       -57.1155 43m57s/Msamples
         146000    -33613.7081    -33556.6087       -57.0994 43m56s/Msamples
         147000    -33610.8971    -33553.9905       -56.9065 43m55s/Msamples
         148000    -33609.6582    -33553.9101       -55.7480 43m54s/Msamples
         149000    -33611.1660    -33553.2019       -57.9641 43m53s/Msamples
         150000    -33615.8625    -33558.2388       -57.6237 43m53s/Msamples
         151000    -33610.1378    -33555.6042       -54.5335 43m54s/Msamples
         152000    -33613.1448    -33555.6921       -57.4526 43m55s/Msamples
         153000    -33613.5200    -33553.5188       -60.0012 43m55s/Msamples
         154000    -33606.6612    -33552.5256       -54.1355 43m56s/Msamples
         155000    -33611.8570    -33555.8441       -56.0129 43m55s/Msamples
         156000    -33611.7917    -33555.8274       -55.9643 43m54s/Msamples
         157000    -33607.9540    -33552.8608       -55.0931 43m54s/Msamples
         158000    -33609.1892    -33552.7912       -56.3980 43m54s/Msamples
         159000    -33613.8844    -33554.8876       -58.9968 43m54s/Msamples
         160000    -33617.5017    -33557.0583       -60.4434 43m54s/Msamples
         161000    -33608.1773    -33554.3966       -53.7807 43m53s/Msamples
         162000    -33606.7347    -33555.0895       -51.6451 43m54s/Msamples
         163000    -33607.1323    -33554.4889       -52.6433 43m54s/Msamples
         164000    -33608.3587    -33554.1424       -54.2162 43m55s/Msamples
         165000    -33607.9322    -33552.4358       -55.4964 43m54s/Msamples
         166000    -33607.7898    -33557.3496       -50.4401 43m54s/Msamples
         167000    -33609.2471    -33557.2025       -52.0445 43m54s/Msamples
         168000    -33607.1016    -33553.6654       -53.4362 43m54s/Msamples
         169000    -33613.4767    -33556.9929       -56.4838 43m54s/Msamples
         170000    -33611.0254    -33557.4308       -53.5946 43m54s/Msamples
         171000    -33610.8035    -33554.5075       -56.2959 43m54s/Msamples
         172000    -33612.1081    -33555.5606       -56.5474 43m54s/Msamples
         173000    -33611.0836    -33556.0370       -55.0466 43m54s/Msamples
         174000    -33606.7691    -33553.3971       -53.3719 43m53s/Msamples
         175000    -33607.5835    -33552.3320       -55.2514 43m53s/Msamples
         176000    -33603.3677    -33551.2257       -52.1420 43m53s/Msamples
         177000    -33614.2122    -33554.7942       -59.4180 43m52s/Msamples
         178000    -33612.3025    -33552.9010       -59.4014 43m53s/Msamples
         179000    -33612.9654    -33552.4699       -60.4955 43m53s/Msamples
         180000    -33606.9780    -33552.5355       -54.4425 43m52s/Msamples
         181000    -33615.9014    -33560.2949       -55.6065 43m52s/Msamples
         182000    -33617.1431    -33556.4634       -60.6796 43m52s/Msamples
         183000    -33609.4026    -33554.0181       -55.3845 43m51s/Msamples
         184000    -33613.8456    -33555.2848       -58.5607 43m51s/Msamples
         185000    -33605.4767    -33551.6330       -53.8437 43m51s/Msamples
         186000    -33603.9001    -33551.5498       -52.3503 43m51s/Msamples
         187000    -33604.3759    -33556.2198       -48.1561 43m52s/Msamples
         188000    -33608.1198    -33553.5967       -54.5230 43m52s/Msamples
         189000    -33607.1809    -33553.2516       -53.9292 43m53s/Msamples
         190000    -33605.7679    -33553.8008       -51.9671 43m53s/Msamples
         191000    -33606.9325    -33552.8280       -54.1044 43m54s/Msamples
         192000    -33611.8583    -33556.5503       -55.3079 43m54s/Msamples
         193000    -33606.9564    -33552.2395       -54.7169 43m54s/Msamples
         194000    -33610.7328    -33556.1536       -54.5791 43m55s/Msamples
         195000    -33609.7657    -33555.2119       -54.5538 43m55s/Msamples
         196000    -33610.9351    -33555.2749       -55.6601 43m55s/Msamples
         197000    -33606.1832    -33553.9617       -52.2214 43m54s/Msamples
         198000    -33607.3035    -33554.0864       -53.2170 43m54s/Msamples
         199000    -33607.4805    -33555.0856       -52.3949 43m53s/Msamples
         200000    -33605.2443    -33556.3805       -48.8638 43m54s/Msamples
         201000    -33611.9892    -33555.5049       -56.4843 43m55s/Msamples
         202000    -33607.0095    -33554.4983       -52.5111 43m55s/Msamples
         203000    -33612.1364    -33556.5436       -55.5927 43m55s/Msamples
         204000    -33603.7892    -33554.0210       -49.7682 43m55s/Msamples
         205000    -33605.8855    -33554.3397       -51.5457 43m56s/Msamples
         206000    -33607.9241    -33552.2054       -55.7186 43m56s/Msamples
         207000    -33607.7039    -33554.5021       -53.2018 43m56s/Msamples
         208000    -33610.0133    -33556.3688       -53.6444 43m56s/Msamples
         209000    -33620.0957    -33563.3363       -56.7594 43m57s/Msamples
         210000    -33608.0159    -33551.5687       -56.4471 43m58s/Msamples
         211000    -33606.1669    -33552.9221       -53.2448 43m57s/Msamples
         212000    -33618.2499    -33555.5000       -62.7499 43m57s/Msamples
         213000    -33613.4437    -33560.6911       -52.7525 43m57s/Msamples
         214000    -33608.9684    -33556.4482       -52.5202 43m58s/Msamples
         215000    -33613.0087    -33557.6104       -55.3982 43m57s/Msamples
         216000    -33609.1101    -33556.9613       -52.1488 43m57s/Msamples
         217000    -33606.4417    -33554.5855       -51.8562 43m57s/Msamples
         218000    -33607.6678    -33553.1378       -54.5300 43m57s/Msamples
         219000    -33609.3637    -33555.6261       -53.7376 43m57s/Msamples
         220000    -33607.1158    -33554.2555       -52.8603 43m58s/Msamples
         221000    -33603.1644    -33552.2402       -50.9241 43m58s/Msamples
         222000    -33609.0882    -33553.6549       -55.4332 43m58s/Msamples
         223000    -33607.8805    -33554.0038       -53.8766 43m58s/Msamples
         224000    -33603.9250    -33552.1274       -51.7975 43m59s/Msamples
         225000    -33610.0771    -33554.9013       -55.1758 43m59s/Msamples
         226000    -33614.2696    -33553.1627       -61.1068 43m59s/Msamples
         227000    -33605.3489    -33552.5549       -52.7940 44m0s/Msamples
         228000    -33607.7660    -33554.2152       -53.5507 44m0s/Msamples
         229000    -33607.7981    -33552.6443       -55.1537 44m0s/Msamples
         230000    -33603.1586    -33553.8538       -49.3047 44m1s/Msamples
         231000    -33605.8416    -33556.3206       -49.5210 44m1s/Msamples
         232000    -33607.6863    -33557.6325       -50.0538 44m1s/Msamples
         233000    -33610.3856    -33559.8258       -50.5597 44m1s/Msamples
         234000    -33605.3820    -33554.9422       -50.4398 44m2s/Msamples
         235000    -33607.2744    -33557.3308       -49.9436 44m2s/Msamples
         236000    -33608.7472    -33554.8334       -53.9137 44m3s/Msamples
         237000    -33608.5173    -33552.3433       -56.1740 44m3s/Msamples
         238000    -33609.4080    -33557.0047       -52.4033 44m3s/Msamples
         239000    -33605.5421    -33554.1056       -51.4365 44m3s/Msamples
         240000    -33608.9983    -33554.5069       -54.4913 44m3s/Msamples
         241000    -33611.9134    -33555.5190       -56.3943 44m3s/Msamples
         242000    -33608.8625    -33554.5740       -54.2884 44m4s/Msamples
         243000    -33614.4745    -33557.8037       -56.6707 44m4s/Msamples
         244000    -33608.8111    -33553.6055       -55.2056 44m5s/Msamples
         245000    -33613.0680    -33553.9505       -59.1175 44m5s/Msamples
         246000    -33616.6989    -33560.1202       -56.5787 44m4s/Msamples
         247000    -33609.4118    -33557.2751       -52.1366 44m4s/Msamples
         248000    -33608.4501    -33554.8070       -53.6431 44m4s/Msamples
         249000    -33608.7127    -33552.9610       -55.7516 44m3s/Msamples
         250000    -33619.9260    -33563.4678       -56.4581 44m3s/Msamples
         251000    -33613.0102    -33554.6936       -58.3165 44m3s/Msamples
         252000    -33618.7089    -33559.3845       -59.3244 44m3s/Msamples
         253000    -33611.6158    -33554.0528       -57.5629 44m3s/Msamples
         254000    -33611.4840    -33553.0634       -58.4205 44m4s/Msamples
         255000    -33606.6323    -33552.3101       -54.3221 44m4s/Msamples
         256000    -33612.9258    -33554.4816       -58.4441 44m4s/Msamples
         257000    -33610.9356    -33553.8011       -57.1344 44m4s/Msamples
         258000    -33611.6655    -33556.9065       -54.7589 44m4s/Msamples
         259000    -33612.3646    -33558.1674       -54.1971 44m3s/Msamples
         260000    -33614.7097    -33555.3415       -59.3681 44m3s/Msamples
         261000    -33608.7182    -33553.3244       -55.3937 44m3s/Msamples
         262000    -33611.5315    -33552.3935       -59.1379 44m3s/Msamples
         263000    -33607.7774    -33551.1765       -56.6009 44m3s/Msamples
         264000    -33609.7568    -33554.0270       -55.7298 44m3s/Msamples
         265000    -33614.5891    -33554.1558       -60.4333 44m3s/Msamples
         266000    -33612.0520    -33553.0537       -58.9983 44m3s/Msamples
         267000    -33612.3726    -33555.0015       -57.3710 44m3s/Msamples
         268000    -33608.4983    -33554.5000       -53.9983 44m3s/Msamples
         269000    -33605.5828    -33554.6119       -50.9709 44m4s/Msamples
         270000    -33612.5693    -33555.8806       -56.6886 44m4s/Msamples
         271000    -33608.3157    -33553.7930       -54.5226 44m4s/Msamples
         272000    -33612.1176    -33556.3912       -55.7263 44m4s/Msamples
         273000    -33614.0893    -33557.3074       -56.7819 44m4s/Msamples
         274000    -33612.3077    -33556.7623       -55.5453 44m4s/Msamples
         275000    -33607.8601    -33554.5951       -53.2650 44m4s/Msamples
         276000    -33611.5716    -33558.6619       -52.9097 44m4s/Msamples
         277000    -33614.3325    -33558.0600       -56.2724 44m5s/Msamples
         278000    -33611.1290    -33553.3209       -57.8080 44m5s/Msamples
         279000    -33615.2235    -33561.5486       -53.6748 44m5s/Msamples
         280000    -33610.8351    -33554.8596       -55.9754 44m5s/Msamples
         281000    -33610.2556    -33557.8546       -52.4009 44m4s/Msamples
         282000    -33609.4745    -33554.9852       -54.4892 44m4s/Msamples
         283000    -33611.2545    -33555.0580       -56.1964 44m4s/Msamples
         284000    -33614.7851    -33557.4525       -57.3325 44m5s/Msamples
         285000    -33615.7766    -33555.7595       -60.0170 44m5s/Msamples
         286000    -33612.8607    -33555.8302       -57.0305 44m5s/Msamples
         287000    -33612.1611    -33554.5809       -57.5802 44m5s/Msamples
         288000    -33610.8203    -33555.8404       -54.9798 44m6s/Msamples
         289000    -33609.1453    -33555.4616       -53.6837 44m6s/Msamples
         290000    -33610.9116    -33556.2861       -54.6254 44m5s/Msamples
         291000    -33606.4240    -33552.1749       -54.2490 44m6s/Msamples
         292000    -33607.3512    -33552.3701       -54.9810 44m6s/Msamples
         293000    -33616.5217    -33556.6694       -59.8522 44m5s/Msamples
         294000    -33611.3640    -33553.6062       -57.7578 44m5s/Msamples
         295000    -33610.8259    -33553.6479       -57.1780 44m5s/Msamples
         296000    -33612.8646    -33554.5250       -58.3395 44m5s/Msamples
         297000    -33611.5380    -33555.6415       -55.8964 44m5s/Msamples
         298000    -33613.1614    -33554.1049       -59.0565 44m4s/Msamples
         299000    -33619.7744    -33555.5072       -64.2671 44m4s/Msamples
         300000    -33617.1280    -33556.0053       -61.1226 44m4s/Msamples
         301000    -33615.2999    -33554.8059       -60.4939 44m5s/Msamples
         302000    -33609.8831    -33557.4612       -52.4218 44m4s/Msamples
         303000    -33607.4518    -33553.9492       -53.5026 44m4s/Msamples
         304000    -33609.6209    -33555.0672       -54.5536 44m4s/Msamples
         305000    -33613.0486    -33557.9665       -55.0820 44m4s/Msamples
         306000    -33607.3583    -33553.9972       -53.3611 44m5s/Msamples
         307000    -33612.0141    -33553.6839       -58.3302 44m5s/Msamples
         308000    -33614.0612    -33553.8600       -60.2012 44m4s/Msamples
         309000    -33621.7508    -33554.5701       -67.1807 44m4s/Msamples
         310000    -33618.9501    -33555.5829       -63.3671 44m4s/Msamples
         311000    -33613.4660    -33554.8708       -58.5952 44m4s/Msamples
         312000    -33607.2278    -33553.6841       -53.5436 44m4s/Msamples
         313000    -33613.2447    -33556.8402       -56.4045 44m4s/Msamples
         314000    -33610.6256    -33553.7304       -56.8952 44m4s/Msamples
         315000    -33606.3524    -33554.0645       -52.2878 44m4s/Msamples
         316000    -33608.8159    -33554.2345       -54.5814 44m4s/Msamples
         317000    -33612.8079    -33557.8114       -54.9965 44m4s/Msamples
         318000    -33610.3827    -33555.3845       -54.9981 44m4s/Msamples
         319000    -33611.2282    -33556.8531       -54.3751 44m4s/Msamples
         320000    -33616.2871    -33557.1256       -59.1615 44m5s/Msamples
         321000    -33610.5527    -33554.7657       -55.7870 44m4s/Msamples
         322000    -33609.5071    -33556.3398       -53.1672 44m4s/Msamples
         323000    -33609.3021    -33555.2398       -54.0622 44m4s/Msamples
         324000    -33604.9556    -33552.6653       -52.2903 44m5s/Msamples
         325000    -33610.7113    -33556.0999       -54.6114 44m4s/Msamples
         326000    -33609.4222    -33554.1887       -55.2334 44m5s/Msamples
         327000    -33615.7644    -33561.8038       -53.9605 44m4s/Msamples
         328000    -33609.3044    -33555.6793       -53.6250 44m4s/Msamples
         329000    -33614.5224    -33553.3494       -61.1729 44m5s/Msamples
         330000    -33608.6535    -33552.7817       -55.8718 44m5s/Msamples
         331000    -33608.8324    -33554.7090       -54.1234 44m5s/Msamples
         332000    -33610.0038    -33556.8139       -53.1899 44m5s/Msamples
         333000    -33618.3444    -33560.1030       -58.2413 44m5s/Msamples
         334000    -33609.8828    -33558.9686       -50.9141 44m5s/Msamples
         335000    -33620.5130    -33561.6318       -58.8812 44m6s/Msamples
         336000    -33614.8570    -33558.5508       -56.3062 44m6s/Msamples
         337000    -33608.9764    -33553.5818       -55.3945 44m6s/Msamples
         338000    -33612.7632    -33555.3809       -57.3823 44m6s/Msamples
         339000    -33611.4950    -33554.1599       -57.3350 44m5s/Msamples
         340000    -33617.6234    -33556.1167       -61.5066 44m5s/Msamples
         341000    -33610.5961    -33555.9397       -54.6563 44m5s/Msamples
         342000    -33611.2784    -33552.8496       -58.4288 44m5s/Msamples
         343000    -33613.1985    -33554.3887       -58.8097 44m5s/Msamples
         344000    -33611.1773    -33554.4017       -56.7755 44m4s/Msamples
         345000    -33616.6309    -33555.0633       -61.5676 44m4s/Msamples
         346000    -33609.6472    -33553.5999       -56.0472 44m4s/Msamples
         347000    -33608.7170    -33551.9359       -56.7810 44m4s/Msamples
         348000    -33611.1339    -33554.6747       -56.4591 44m4s/Msamples
         349000    -33619.5205    -33557.3114       -62.2091 44m4s/Msamples
         350000    -33609.5975    -33553.9325       -55.6650 44m4s/Msamples
         351000    -33613.3440    -33557.6372       -55.7067 44m4s/Msamples
         352000    -33618.3405    -33553.4498       -64.8906 44m4s/Msamples
         353000    -33610.6660    -33552.7827       -57.8832 44m4s/Msamples
         354000    -33612.2845    -33552.5170       -59.7675 44m4s/Msamples
         355000    -33609.8428    -33556.6569       -53.1858 44m4s/Msamples
         356000    -33608.3716    -33553.1618       -55.2098 44m4s/Msamples
         357000    -33609.1123    -33553.5496       -55.5626 44m4s/Msamples
         358000    -33611.0868    -33555.1155       -55.9712 44m4s/Msamples
         359000    -33605.6739    -33554.1403       -51.5335 44m4s/Msamples
         360000    -33607.5309    -33555.3774       -52.1534 44m4s/Msamples
         361000    -33608.1341    -33552.0813       -56.0528 44m4s/Msamples
         362000    -33611.0569    -33554.2753       -56.7815 44m5s/Msamples
         363000    -33612.4473    -33553.0552       -59.3921 44m4s/Msamples
         364000    -33609.7158    -33555.1883       -54.5275 44m4s/Msamples
         365000    -33617.9659    -33555.6112       -62.3547 44m5s/Msamples
         366000    -33608.0789    -33554.6746       -53.4042 44m5s/Msamples
         367000    -33610.3004    -33554.7599       -55.5404 44m4s/Msamples
         368000    -33604.9416    -33553.4073       -51.5342 44m4s/Msamples
         369000    -33605.8976    -33553.3180       -52.5796 44m4s/Msamples
         370000    -33610.5637    -33553.4876       -57.0761 44m4s/Msamples
         371000    -33609.6849    -33554.4256       -55.2592 44m4s/Msamples
         372000    -33610.3967    -33557.1001       -53.2966 44m4s/Msamples
         373000    -33613.3464    -33558.2466       -55.0997 44m4s/Msamples
         374000    -33616.8602    -33562.4634       -54.3968 44m4s/Msamples
         375000    -33614.0896    -33557.3047       -56.7848 44m3s/Msamples
         376000    -33610.0350    -33556.6305       -53.4044 44m3s/Msamples
         377000    -33607.3575    -33553.5619       -53.7956 44m3s/Msamples
         378000    -33611.0404    -33556.3557       -54.6846 44m3s/Msamples
         379000    -33608.7162    -33553.0522       -55.6640 44m3s/Msamples
         380000    -33604.1258    -33552.9558       -51.1700 44m3s/Msamples
         381000    -33611.5767    -33552.9267       -58.6500 44m3s/Msamples
         382000    -33609.5136    -33554.9839       -54.5296 44m4s/Msamples
         383000    -33605.5770    -33553.0245       -52.5524 44m4s/Msamples
         384000    -33610.4135    -33552.4270       -57.9865 44m3s/Msamples
         385000    -33610.1372    -33554.5956       -55.5415 44m4s/Msamples
         386000    -33609.2870    -33554.3542       -54.9328 44m4s/Msamples
         387000    -33613.5495    -33553.9165       -59.6330 44m4s/Msamples
         388000    -33611.1003    -33555.7625       -55.3378 44m4s/Msamples
         389000    -33608.7815    -33551.9943       -56.7872 44m4s/Msamples
         390000    -33610.3695    -33555.6576       -54.7119 44m4s/Msamples
         391000    -33614.9361    -33552.2413       -62.6948 44m4s/Msamples
         392000    -33614.7362    -33552.9101       -61.8261 44m4s/Msamples
         393000    -33620.2090    -33560.9609       -59.2480 44m4s/Msamples
         394000    -33608.0645    -33553.4275       -54.6369 44m4s/Msamples
         395000    -33612.5262    -33554.8738       -57.6524 44m4s/Msamples
         396000    -33613.5949    -33554.7390       -58.8559 44m4s/Msamples
         397000    -33613.5212    -33553.8417       -59.6794 44m4s/Msamples
         398000    -33610.6619    -33556.5048       -54.1570 44m4s/Msamples
         399000    -33610.7234    -33554.9168       -55.8066 44m4s/Msamples
         400000    -33614.0285    -33555.4164       -58.6121 44m4s/Msamples
         401000    -33613.3960    -33555.4038       -57.9921 44m4s/Msamples
         402000    -33608.1311    -33553.5612       -54.5698 44m3s/Msamples
         403000    -33612.8813    -33558.4740       -54.4073 44m3s/Msamples
         404000    -33607.4119    -33553.0616       -54.3503 44m2s/Msamples
         405000    -33613.8301    -33553.9525       -59.8775 44m2s/Msamples
         406000    -33613.1655    -33553.9376       -59.2279 44m2s/Msamples
         407000    -33612.1860    -33555.2613       -56.9246 44m2s/Msamples
         408000    -33611.4884    -33554.8487       -56.6396 44m2s/Msamples
         409000    -33608.1289    -33554.8384       -53.2905 44m2s/Msamples
         410000    -33615.4841    -33556.2399       -59.2441 44m2s/Msamples
         411000    -33610.2577    -33554.0724       -56.1852 44m2s/Msamples
         412000    -33608.4771    -33554.2435       -54.2336 44m2s/Msamples
         413000    -33612.6340    -33557.8629       -54.7711 44m2s/Msamples
         414000    -33615.0928    -33552.8723       -62.2204 44m2s/Msamples
         415000    -33613.2006    -33553.1382       -60.0623 44m1s/Msamples
         416000    -33611.8156    -33554.3371       -57.4784 44m1s/Msamples
         417000    -33605.9456    -33553.4076       -52.5379 44m1s/Msamples
         418000    -33606.9765    -33554.0699       -52.9065 44m1s/Msamples
         419000    -33611.5498    -33553.8984       -57.6513 44m1s/Msamples
         420000    -33608.5362    -33554.2918       -54.2443 44m1s/Msamples
         421000    -33610.1950    -33555.7884       -54.4065 44m1s/Msamples
         422000    -33613.5888    -33554.7875       -58.8012 44m1s/Msamples
         423000    -33611.2525    -33553.3751       -57.8773 44m2s/Msamples
         424000    -33611.7790    -33555.4437       -56.3352 44m2s/Msamples
         425000    -33614.2191    -33554.6667       -59.5524 44m2s/Msamples
         426000    -33615.9398    -33556.6303       -59.3095 44m2s/Msamples
         427000    -33614.0349    -33556.0004       -58.0345 44m2s/Msamples
         428000    -33610.6507    -33552.8404       -57.8103 44m2s/Msamples
         429000    -33612.2104    -33554.5058       -57.7046 44m2s/Msamples
         430000    -33615.6067    -33552.2336       -63.3730 44m2s/Msamples
         431000    -33613.0664    -33554.6172       -58.4491 44m2s/Msamples
         432000    -33606.3474    -33554.5441       -51.8032 44m2s/Msamples
         433000    -33615.9023    -33556.4003       -59.5019 44m2s/Msamples
         434000    -33609.0096    -33555.4945       -53.5151 44m2s/Msamples
         435000    -33618.6831    -33556.9953       -61.6877 44m2s/Msamples
         436000    -33615.9573    -33556.8517       -59.1055 44m2s/Msamples
         437000    -33608.7488    -33553.3353       -55.4134 44m2s/Msamples
         438000    -33612.2482    -33551.6602       -60.5880 44m2s/Msamples
         439000    -33605.8192    -33553.1965       -52.6226 44m2s/Msamples
         440000    -33604.8497    -33552.8838       -51.9659 44m2s/Msamples
         441000    -33606.5309    -33555.4672       -51.0637 44m2s/Msamples
         442000    -33606.4771    -33555.8660       -50.6110 44m2s/Msamples
         443000    -33608.7199    -33558.1194       -50.6005 44m2s/Msamples
         444000    -33610.0093    -33556.5435       -53.4658 44m2s/Msamples
         445000    -33605.7210    -33555.0721       -50.6488 44m2s/Msamples
         446000    -33605.6771    -33553.3079       -52.3691 44m2s/Msamples
         447000    -33617.2879    -33556.5151       -60.7727 44m2s/Msamples
         448000    -33609.7392    -33555.5654       -54.1737 44m2s/Msamples
         449000    -33610.8798    -33555.5738       -55.3060 44m3s/Msamples
         450000    -33616.6516    -33555.8452       -60.8064 44m3s/Msamples
         451000    -33616.2375    -33555.9046       -60.3329 44m3s/Msamples
         452000    -33612.6909    -33554.2208       -58.4701 44m3s/Msamples
         453000    -33615.5900    -33555.5210       -60.0689 44m3s/Msamples
         454000    -33617.2674    -33552.6474       -64.6199 44m3s/Msamples
         455000    -33612.9989    -33553.9120       -59.0868 44m3s/Msamples
         456000    -33613.3006    -33551.8899       -61.4106 44m3s/Msamples
         457000    -33620.0143    -33555.5216       -64.4926 44m3s/Msamples
         458000    -33612.7195    -33553.1669       -59.5525 44m3s/Msamples
         459000    -33612.5754    -33553.5582       -59.0171 44m3s/Msamples
         460000    -33614.2830    -33554.0314       -60.2516 44m3s/Msamples
         461000    -33617.0319    -33560.1977       -56.8342 44m3s/Msamples
         462000    -33618.1771    -33559.0413       -59.1358 44m3s/Msamples
         463000    -33615.3765    -33555.4244       -59.9521 44m3s/Msamples
         464000    -33610.1647    -33554.2655       -55.8991 44m3s/Msamples
         465000    -33610.2034    -33552.4265       -57.7769 44m3s/Msamples
         466000    -33611.6099    -33552.7413       -58.8686 44m3s/Msamples
         467000    -33612.7680    -33553.6935       -59.0744 44m3s/Msamples
         468000    -33609.0633    -33552.4548       -56.6084 44m2s/Msamples
         469000    -33611.8204    -33554.2947       -57.5257 44m3s/Msamples
         470000    -33613.4740    -33553.9690       -59.5049 44m3s/Msamples
         471000    -33616.6079    -33555.4069       -61.2010 44m3s/Msamples
         472000    -33619.0049    -33554.1429       -64.8620 44m2s/Msamples
         473000    -33615.8669    -33554.8455       -61.0213 44m2s/Msamples
         474000    -33607.7695    -33553.3217       -54.4477 44m2s/Msamples
         475000    -33619.7801    -33557.5967       -62.1834 44m2s/Msamples
         476000    -33607.7532    -33552.5340       -55.2192 44m3s/Msamples
         477000    -33608.3380    -33552.0009       -56.3371 44m3s/Msamples
         478000    -33606.6403    -33553.9793       -52.6609 44m3s/Msamples
         479000    -33617.8752    -33554.2079       -63.6672 44m3s/Msamples
         480000    -33612.9088    -33555.2587       -57.6500 44m3s/Msamples
         481000    -33611.5392    -33553.9179       -57.6213 44m3s/Msamples
         482000    -33611.3467    -33554.6773       -56.6693 44m3s/Msamples
         483000    -33607.1803    -33552.9334       -54.2469 44m3s/Msamples
         484000    -33609.0943    -33556.5472       -52.5470 44m2s/Msamples
         485000    -33609.6795    -33555.3566       -54.3228 44m2s/Msamples
         486000    -33609.8328    -33556.7709       -53.0619 44m2s/Msamples
         487000    -33605.3577    -33553.1997       -52.1579 44m2s/Msamples
         488000    -33608.7629    -33555.5002       -53.2626 44m2s/Msamples
         489000    -33606.4836    -33555.0423       -51.4412 44m2s/Msamples
         490000    -33607.0362    -33553.0672       -53.9690 44m2s/Msamples
         491000    -33610.4054    -33554.3277       -56.0776 44m2s/Msamples
         492000    -33610.0755    -33556.3958       -53.6797 44m2s/Msamples
         493000    -33613.5012    -33556.1840       -57.3172 44m2s/Msamples
         494000    -33617.0822    -33554.0234       -63.0587 44m2s/Msamples
         495000    -33614.8093    -33552.3873       -62.4220 44m2s/Msamples
         496000    -33612.3680    -33554.7896       -57.5784 44m2s/Msamples
         497000    -33610.0272    -33551.8164       -58.2108 44m2s/Msamples
         498000    -33613.0219    -33554.1291       -58.8927 44m2s/Msamples
         499000    -33611.7522    -33553.3303       -58.4219 44m2s/Msamples
         500000    -33607.0846    -33553.2418       -53.8427 44m2s/Msamples
         501000    -33608.8908    -33553.1581       -55.7326 44m2s/Msamples
         502000    -33610.8085    -33553.6420       -57.1664 44m2s/Msamples
         503000    -33606.3344    -33551.8963       -54.4380 44m2s/Msamples
         504000    -33617.2709    -33553.8842       -63.3866 44m2s/Msamples
         505000    -33606.4735    -33552.3920       -54.0815 44m2s/Msamples
         506000    -33616.2782    -33555.8424       -60.4358 44m2s/Msamples
         507000    -33605.7506    -33551.9576       -53.7930 44m2s/Msamples
         508000    -33612.1670    -33557.0771       -55.0898 44m2s/Msamples
         509000    -33610.9062    -33555.8465       -55.0596 44m2s/Msamples
         510000    -33616.4182    -33562.0971       -54.3210 44m2s/Msamples
         511000    -33607.5581    -33554.6037       -52.9544 44m2s/Msamples
         512000    -33607.4098    -33555.0669       -52.3428 44m2s/Msamples
         513000    -33617.3706    -33556.7531       -60.6174 44m2s/Msamples
         514000    -33611.2677    -33554.4351       -56.8326 44m2s/Msamples
         515000    -33611.3666    -33557.6884       -53.6781 44m2s/Msamples
         516000    -33613.0034    -33555.4196       -57.5838 44m2s/Msamples
         517000    -33612.8433    -33556.1193       -56.7239 44m2s/Msamples
         518000    -33614.7560    -33556.6497       -58.1063 44m2s/Msamples
         519000    -33611.1334    -33555.0192       -56.1142 44m2s/Msamples
         520000    -33614.8831    -33556.5847       -58.2984 44m2s/Msamples
         521000    -33611.7708    -33552.9550       -58.8157 44m2s/Msamples
         522000    -33612.2546    -33554.9863       -57.2682 44m2s/Msamples
         523000    -33615.2109    -33552.7067       -62.5041 44m2s/Msamples
         524000    -33609.6442    -33555.8974       -53.7468 44m2s/Msamples
         525000    -33617.7786    -33558.2950       -59.4835 44m2s/Msamples
         526000    -33614.1295    -33552.9269       -61.2025 44m2s/Msamples
         527000    -33621.1876    -33555.8330       -65.3546 44m2s/Msamples
         528000    -33615.3392    -33556.5503       -58.7888 44m2s/Msamples
         529000    -33611.9160    -33554.6441       -57.2718 44m2s/Msamples
         530000    -33620.8072    -33554.0653       -66.7419 44m2s/Msamples
         531000    -33609.9606    -33554.2224       -55.7381 44m2s/Msamples
         532000    -33611.4963    -33553.8787       -57.6176 44m2s/Msamples
         533000    -33617.0705    -33554.2863       -62.7841 44m2s/Msamples
         534000    -33612.9456    -33553.2505       -59.6950 44m1s/Msamples
         535000    -33618.6300    -33553.7465       -64.8835 44m1s/Msamples
         536000    -33612.0456    -33554.8720       -57.1736 44m1s/Msamples
         537000    -33608.8215    -33552.9966       -55.8248 44m2s/Msamples
         538000    -33612.0063    -33556.0966       -55.9096 44m2s/Msamples
         539000    -33612.1244    -33554.4001       -57.7243 44m2s/Msamples
         540000    -33603.8126    -33551.2424       -52.5701 44m2s/Msamples
         541000    -33612.0161    -33558.1491       -53.8670 44m2s/Msamples
         542000    -33609.5170    -33554.8009       -54.7161 44m2s/Msamples
         543000    -33616.0883    -33552.9018       -63.1865 44m2s/Msamples
         544000    -33609.8944    -33552.6726       -57.2217 44m2s/Msamples
         545000    -33610.9520    -33554.2169       -56.7350 44m2s/Msamples
         546000    -33612.1785    -33554.3521       -57.8263 44m2s/Msamples
         547000    -33611.5362    -33555.6211       -55.9150 44m2s/Msamples
         548000    -33618.8696    -33554.7671       -64.1025 44m2s/Msamples
         549000    -33613.1770    -33557.1853       -55.9916 44m2s/Msamples
         550000    -33612.5043    -33557.5212       -54.9830 44m2s/Msamples
         551000    -33613.8672    -33555.5231       -58.3441 44m2s/Msamples
         552000    -33612.7040    -33553.5137       -59.1903 44m2s/Msamples
         553000    -33611.2365    -33553.6015       -57.6349 44m2s/Msamples
         554000    -33610.0461    -33554.0471       -55.9989 44m1s/Msamples
         555000    -33610.1965    -33553.2890       -56.9074 44m1s/Msamples
         556000    -33608.9316    -33552.5621       -56.3695 44m1s/Msamples
slurmstepd: error: *** JOB 107666 ON dn027 CANCELLED AT 2023-06-12T12:31:08 ***
