IQ-TREE multicore version 1.6.9 for Linux 64-bit built Dec 20 2018
Developed by Bui Quang Minh, Nguyen Lam Tung, Olga Chernomor,
Heiko Schmidt, Dominik Schrempf, Michael Woodhams.

Host:    dslice.sunysb.bio.edu (SSE4.2, 47 GB RAM)
Command: /home/alex/miniconda3/lib/python3.9/site-packages/physpetool/softwares/iqtree -s /home1/alex/projects/ch3-netbio/data/2.1.Phylogenetics_PhySpeTree/temp/concatenate20220819155943/concatenate.fasta-gb1.phy -pre /home1/alex/projects/ch3-netbio/data/2.1.Phylogenetics_PhySpeTree/bac_species.txt.hcp/iqtree.tree -nt 1
Seed:    793669 (Using SPRNG - Scalable Parallel Random Number Generator)
Time:    Fri Aug 19 15:59:43 2022
Kernel:  SSE2 - 1 threads (8 CPU cores detected)

HINT: Use -nt option to specify number of threads because your CPU has 8 cores!
HINT: -nt AUTO will automatically determine the best number of threads to use.

Reading alignment file /home1/alex/projects/ch3-netbio/data/2.1.Phylogenetics_PhySpeTree/temp/concatenate20220819155943/concatenate.fasta-gb1.phy ... Phylip format detected
Alignment most likely contains protein sequences
Alignment has 27 sequences with 3543 columns, 3298 distinct patterns
2892 parsimony-informative, 357 singleton sites, 294 constant sites
     Gap/Ambiguity  Composition  p-value
   1  syc    0.08%    failed      0.00%
   2  tel    0.08%    failed      0.00%
   3  rpr    0.06%    failed      0.00%
   4  rrc    0.06%    failed      0.00%
   5  dra    0.20%    failed      0.38%
   6  nme    0.08%    passed     45.07%
   7  pae    0.08%    failed      1.14%
   8  pau    0.08%    failed      1.20%
   9  ebw    0.08%    passed     25.61%
  10  ecr    0.08%    passed     25.94%
  11  stm    0.08%    passed     32.66%
  12  seo    0.08%    passed     32.32%
  13  cje    0.37%    failed      0.00%
  14  tma    0.11%    failed      0.01%
  15  aae    9.60%    failed      0.17%
  16  cgl    2.57%    failed      0.02%
  17  fnu    0.14%    failed      0.03%
  18  cdf    0.08%    passed      9.33%
  19  sau    0.06%    passed     57.91%
  20  bsu    0.06%    passed     99.24%
  21  bce    0.06%    passed     72.15%
  22  sso    5.14%    failed      0.00%
  23  mka    4.77%    failed      0.00%
  24  mac    7.34%    passed     80.39%
  25  mma    7.23%    passed     76.97%
  26  tvo   10.39%    failed      0.00%
  27  pfu    4.69%    failed      0.02%
****  TOTAL    1.99%  16 sequences failed composition chi2 test (p-value<5%; df=19)


Create initial parsimony tree by phylogenetic likelihood library (PLL)... 0.056 seconds
NOTE: ModelFinder requires 138 MB RAM!
ModelFinder will test 546 protein models (sample size: 3543) ...
 No. Model         -LnL         df  AIC          AICc         BIC
  1  Dayhoff       108973.483   51  218048.965   218050.485   218363.775
  2  Dayhoff+I     107964.867   52  216033.735   216035.314   216354.717
  3  Dayhoff+G4    105388.042   52  210880.085   210881.664   211201.067
  4  Dayhoff+I+G4  105354.652   53  210815.303   210816.944   211142.458
  5  Dayhoff+R2    105885.994   53  211877.989   211879.630   212205.144
  6  Dayhoff+R3    105373.315   55  210856.630   210858.396   211196.130
  7  Dayhoff+R4    105312.685   57  210739.369   210741.267   211091.215
  8  Dayhoff+R5    105302.843   59  210723.687   210725.719   211087.878
  9  Dayhoff+R6    105299.787   61  210721.575   210723.747   211098.111
 14  Dayhoff+F     108329.754   70  216799.509   216802.372   217231.600
 15  Dayhoff+F+I   107401.493   71  214944.986   214947.932   215383.250
 16  Dayhoff+F+G4  104756.007   71  209654.015   209656.960   210092.278
 17  Dayhoff+F+I+G4 104732.014   72  209608.028   209611.058   210052.465
 18  Dayhoff+F+R2  105238.758   72  210621.516   210624.546   211065.953
 19  Dayhoff+F+R3  104756.250   74  209660.500   209663.701   210117.282
 20  Dayhoff+F+R4  104686.320   76  209524.640   209528.017   209993.768
 21  Dayhoff+F+R5  104678.001   78  209512.002   209515.560   209993.475
 22  Dayhoff+F+R6  104675.861   80  209511.723   209515.466   210005.541
 27  mtMAM         121923.618   51  243949.237   243950.756   244264.046
 28  mtMAM+I       121059.610   52  242223.220   242224.799   242544.202
 29  mtMAM+G4      113038.574   52  226181.148   226182.727   226502.129
 30  mtMAM+I+G4    113025.495   53  226156.990   226158.631   226484.145
 31  mtMAM+R2      114226.796   53  228559.592   228561.233   228886.747
 32  mtMAM+R3      113259.510   55  226629.021   226630.788   226968.521
 33  mtMAM+R4      113020.643   57  226155.286   226157.183   226507.131
 34  mtMAM+R5      112947.906   59  226013.812   226015.845   226378.003
 35  mtMAM+R6      112925.408   61  225972.816   225974.989   226349.353
 36  mtMAM+R7      112912.841   63  225951.682   225954.000   226340.564
 37  mtMAM+R8      112901.328   65  225932.656   225935.123   226333.883
 38  mtMAM+R9      112894.495   67  225922.990   225925.612   226336.563
 40  mtMAM+F       115578.377   70  231296.755   231299.618   231728.846
 41  mtMAM+F+I     114584.534   71  229311.069   229314.014   229749.332
 42  mtMAM+F+G4    108695.852   71  217533.705   217536.650   217971.969
 43  mtMAM+F+I+G4  108684.558   72  217513.117   217516.146   217957.553
 44  mtMAM+F+R2    109652.296   72  219448.592   219451.622   219893.029
 45  mtMAM+F+R3    108854.160   74  217856.319   217859.520   218313.101
 46  mtMAM+F+R4    108679.067   76  217510.134   217513.510   217979.261
 47  mtMAM+F+R5    108626.215   78  217408.429   217411.987   217889.902
 48  mtMAM+F+R6    108604.314   80  217368.629   217372.372   217862.447
 49  mtMAM+F+R7    108593.694   82  217351.389   217355.323   217857.553
 50  mtMAM+F+R8    108582.317   84  217332.634   217336.764   217851.144
 51  mtMAM+F+R9    108574.956   86  217321.911   217326.241   217852.766
 53  JTT           108178.130   51  216458.259   216459.779   216773.068
 54  JTT+I         107229.335   52  214562.670   214564.249   214883.651
 55  JTT+G4        104725.183   52  209554.366   209555.946   209875.348
 56  JTT+I+G4      104703.625   53  209513.251   209514.891   209840.405
 57  JTT+R2        105161.860   53  210429.720   210431.360   210756.874
 58  JTT+R3        104721.631   55  209553.261   209555.028   209892.761
 59  JTT+R4        104669.809   57  209453.619   209455.516   209805.464
 60  JTT+R5        104666.052   59  209450.105   209452.138   209814.296
 66  JTT+F         108163.977   70  216467.953   216470.816   216900.044
 67  JTT+F+I       107250.926   71  214643.851   214646.797   215082.115
 68  JTT+F+G4      104668.756   71  209479.512   209482.457   209917.775
 69  JTT+F+I+G4    104651.656   72  209447.312   209450.342   209891.749
 70  JTT+F+R2      105101.106   72  210346.211   210349.241   210790.648
 71  JTT+F+R3      104672.363   74  209492.725   209495.926   209949.507
 72  JTT+F+R4      104616.239   76  209384.478   209387.855   209853.605
 73  JTT+F+R5      104612.195   78  209380.389   209383.947   209861.862
 79  WAG           106320.239   51  212742.477   212743.997   213057.286
 80  WAG+I         105520.847   52  211145.695   211147.274   211466.676
 81  WAG+G4        103620.665   52  207345.331   207346.910   207666.313
 82  WAG+I+G4      103590.019   53  207286.038   207287.679   207613.193
 83  WAG+R2        103890.750   53  207887.501   207889.141   208214.655
 84  WAG+R3        103604.852   55  207319.704   207321.470   207659.204
 85  WAG+R4        103569.568   57  207253.137   207255.034   207604.982
 86  WAG+R5        103566.214   59  207250.429   207252.462   207614.620
 92  WAG+F         106098.183   70  212336.366   212339.229   212768.457
 93  WAG+F+I       105337.431   71  210816.863   210819.808   211255.126
 94  WAG+F+G4      103370.019   71  206882.038   206884.984   207320.302
 95  WAG+F+I+G4    103345.252   72  206834.504   206837.533   207278.940
 96  WAG+F+R2      103646.046   72  207436.092   207439.122   207880.529
 97  WAG+F+R3      103362.079   74  206872.158   206875.358   207328.940
 98  WAG+F+R4      103323.181   76  206798.362   206801.739   207267.490
 99  WAG+F+R5      103320.359   78  206796.719   206800.276   207278.192
105  cpREV         106890.322   51  213882.644   213884.163   214197.453
106  cpREV+I       106181.115   52  212466.230   212467.810   212787.212
107  cpREV+G4      104047.410   52  208198.821   208200.400   208519.803
108  cpREV+I+G4    104024.020   53  208154.039   208155.680   208481.194
109  cpREV+R2      104355.949   53  208817.897   208819.538   209145.052
110  cpREV+R3      104041.885   55  208193.770   208195.536   208533.270
111  cpREV+R4      103997.842   57  208109.684   208111.581   208461.529
112  cpREV+R5      103994.662   59  208107.324   208109.357   208471.515
118  cpREV+F       106977.760   70  214095.521   214098.384   214527.612
119  cpREV+F+I     106223.088   71  212588.176   212591.121   213026.439
120  cpREV+F+G4    104022.026   71  208186.053   208188.998   208624.317
121  cpREV+F+I+G4  103994.771   72  208133.542   208136.572   208577.979
122  cpREV+F+R2    104364.589   72  208873.178   208876.208   209317.615
123  cpREV+F+R3    104017.462   74  208182.923   208186.124   208639.705
124  cpREV+F+R4    103968.252   76  208088.503   208091.880   208557.631
125  cpREV+F+R5    103964.194   78  208084.388   208087.946   208565.861
131  mtREV         115344.297   51  230790.593   230792.113   231105.402
132  mtREV+I       114639.096   52  229382.193   229383.772   229703.174
133  mtREV+G4      110169.019   52  220442.038   220443.617   220763.019
134  mtREV+I+G4    110165.237   53  220436.475   220438.115   220763.629
135  mtREV+R2      110803.699   53  221713.397   221715.038   222040.552
136  mtREV+R3      110214.411   55  220538.822   220540.589   220878.322
137  mtREV+R4      110126.770   57  220367.539   220369.437   220719.385
138  mtREV+R5      110110.834   59  220339.668   220341.701   220703.859
139  mtREV+R6      110090.656   61  220303.312   220305.485   220679.849
140  mtREV+R7      110088.363   63  220302.726   220305.044   220691.608
144  mtREV+F       109979.480   70  220098.960   220101.823   220531.051
145  mtREV+F+I     109182.258   71  218506.515   218509.461   218944.779
146  mtREV+F+G4    105650.908   71  211443.817   211446.762   211882.080
147  mtREV+F+I+G4  105638.738   72  211421.477   211424.506   211865.913
148  mtREV+F+R2    106231.835   72  212607.670   212610.699   213052.106
149  mtREV+F+R3    105687.401   74  211522.802   211526.002   211979.584
150  mtREV+F+R4    105601.132   76  211354.264   211357.641   211823.392
151  mtREV+F+R5    105586.991   78  211329.982   211333.539   211811.454
152  mtREV+F+R6    105569.744   80  211299.488   211303.231   211793.306
153  mtREV+F+R7    105566.646   82  211297.293   211301.227   211803.456
157  rtREV         106892.031   51  213886.061   213887.581   214200.871
158  rtREV+I       106144.573   52  212393.147   212394.726   212714.129
159  rtREV+G4      103765.962   52  207635.924   207637.504   207956.906
160  rtREV+I+G4    103749.366   53  207604.732   207606.372   207931.886
161  rtREV+R2      104150.270   53  208406.540   208408.181   208733.695
162  rtREV+R3      103764.191   55  207638.382   207640.148   207977.882
163  rtREV+R4      103725.728   57  207565.457   207567.354   207917.303
164  rtREV+R5      103723.072   59  207564.144   207566.177   207928.335
170  rtREV+F       106290.855   70  212721.710   212724.573   213153.801
171  rtREV+F+I     105570.120   71  211282.240   211285.186   211720.504
172  rtREV+F+G4    103121.635   71  206385.270   206388.215   206823.534
173  rtREV+F+I+G4  103109.450   72  206362.899   206365.929   206807.336
174  rtREV+F+R2    103498.421   72  207140.842   207143.871   207585.278
175  rtREV+F+R3    103124.103   74  206396.206   206399.406   206852.988
176  rtREV+F+R4    103085.710   76  206323.420   206326.796   206792.547
177  rtREV+F+R5    103083.464   78  206322.928   206326.486   206804.401
183  mtART         118395.713   51  236893.426   236894.946   237208.235
184  mtART+I       117632.317   52  235368.634   235370.214   235689.616
185  mtART+G4      110728.053   52  221560.105   221561.685   221881.087
186  mtART+I+G4    110724.693   53  221555.387   221557.028   221882.542
187  mtART+R2      111625.669   53  223357.337   223358.978   223684.492
188  mtART+R3      110879.114   55  221868.228   221869.994   222207.728
189  mtART+R4      110705.448   57  221524.896   221526.793   221876.741
190  mtART+R5      110675.486   59  221468.971   221471.004   221833.162
191  mtART+R6      110607.169   61  221336.339   221338.512   221712.875
192  mtART+R7      110598.091   63  221322.181   221324.499   221711.063
193  mtART+R8      110562.988   65  221255.977   221258.444   221657.204
194  mtART+R9      110558.130   67  221250.260   221252.882   221663.833
196  mtART+F       112125.655   70  224391.309   224394.172   224823.400
197  mtART+F+I     111313.664   71  222769.329   222772.274   223207.592
198  mtART+F+G4    106085.132   71  212312.263   212315.209   212750.527
199  mtART+F+I+G4  106083.212   72  212310.425   212313.454   212754.861
200  mtART+F+R2    106900.345   72  213944.689   213947.719   214389.126
201  mtART+F+R3    106208.547   74  212565.095   212568.295   213021.877
202  mtART+F+R4    106070.061   76  212292.121   212295.498   212761.249
203  mtART+F+R5    106045.386   78  212246.773   212250.331   212728.246
204  mtART+F+R6    105984.547   80  212129.094   212132.837   212622.912
205  mtART+F+R7    105976.307   82  212116.614   212120.548   212622.778
206  mtART+F+R8    105950.795   84  212069.590   212073.719   212588.099
207  mtART+F+R9    105947.173   86  212066.346   212070.676   212597.201
209  mtZOA         114762.941   51  229627.882   229629.401   229942.691
210  mtZOA+I       114035.144   52  228174.288   228175.867   228495.270
211  mtZOA+G4      108283.456   52  216670.911   216672.491   216991.893
212  mtZOA+I+G4    108282.339   53  216670.677   216672.318   216997.832
213  mtZOA+R2      108988.119   53  218082.238   218083.878   218409.393
214  mtZOA+R3      108364.067   55  216838.135   216839.902   217177.635
215  mtZOA+R4      108259.273   57  216632.546   216634.443   216984.391
216  mtZOA+R5      108241.555   59  216601.111   216603.143   216965.302
217  mtZOA+R6      108203.926   61  216529.851   216532.024   216906.388
218  mtZOA+R7      108198.871   63  216523.742   216526.060   216912.624
222  mtZOA+F       110140.564   70  220421.128   220423.991   220853.219
223  mtZOA+F+I     109337.227   71  218816.455   218819.400   219254.719
224  mtZOA+F+G4    105109.420   71  210360.839   210363.785   210799.103
225  mtZOA+F+I+G4  105106.479   72  210356.958   210359.987   210801.394
226  mtZOA+F+R2    105781.825   72  211707.650   211710.679   212152.087
227  mtZOA+F+R3    105172.200   74  210492.400   210495.601   210949.182
228  mtZOA+F+R4    105076.974   76  210305.949   210309.326   210775.076
229  mtZOA+F+R5    105058.937   78  210273.875   210277.433   210755.348
230  mtZOA+F+R6    105018.598   80  210197.196   210200.939   210691.014
231  mtZOA+F+R7    105013.698   82  210191.395   210195.329   210697.559
235  VT            106327.653   51  212757.307   212758.826   213072.116
236  VT+I          105538.571   52  211181.143   211182.722   211502.124
237  VT+G4         103688.302   52  207480.605   207482.184   207801.587
238  VT+I+G4       103663.491   53  207432.981   207434.622   207760.136
239  VT+R2         103940.207   53  207986.413   207988.054   208313.568
240  VT+R3         103673.795   55  207457.590   207459.356   207797.090
241  VT+R4         103648.902   57  207411.805   207413.702   207763.650
242  VT+R5         103648.752   59  207415.503   207417.536   207779.694
248  VT+F          106231.686   70  212603.372   212606.235   213035.463
249  VT+F+I        105470.053   71  211082.105   211085.051   211520.369
250  VT+F+G4       103595.192   71  207332.383   207335.329   207770.647
251  VT+F+I+G4     103573.260   72  207290.520   207293.550   207734.957
252  VT+F+R2       103846.849   72  207837.698   207840.727   208282.135
253  VT+F+R3       103584.362   74  207316.724   207319.925   207773.506
254  VT+F+R4       103558.500   76  207269.001   207272.377   207738.128
255  VT+F+R5       103558.377   78  207272.754   207276.312   207754.227
261  LG            106321.912   51  212745.824   212747.343   213060.633
262  LG+I          105512.862   52  211129.723   211131.303   211450.705
263  LG+G4         103022.103   52  206148.206   206149.786   206469.188
264  LG+I+G4       103007.069   53  206120.138   206121.779   206447.293
265  LG+R2         103436.453   53  206978.907   206980.547   207306.062
266  LG+R3         103023.126   55  206156.253   206158.020   206495.753
267  LG+R4         102975.989   57  206065.979   206067.876   206417.824
268  LG+R5         102975.953   59  206069.905   206071.938   206434.096
274  LG+F          106329.524   70  212799.048   212801.911   213231.139
275  LG+F+I        105548.764   71  211239.527   211242.473   211677.791
276  LG+F+G4       103021.512   71  206185.025   206187.970   206623.289
277  LG+F+I+G4     103008.739   72  206161.478   206164.507   206605.914
278  LG+F+R2       103421.332   72  206986.664   206989.694   207431.101
279  LG+F+R3       103026.191   74  206200.383   206203.584   206657.165
280  LG+F+R4       102978.207   76  206108.415   206111.792   206577.542
281  LG+F+R5       102977.937   78  206111.874   206115.432   206593.347
287  DCMut         108963.294   51  218028.588   218030.107   218343.397
288  DCMut+I       107955.599   52  216015.199   216016.778   216336.181
289  DCMut+G4      105387.801   52  210879.601   210881.181   211200.583
290  DCMut+I+G4    105354.429   53  210814.859   210816.499   211142.013
291  DCMut+R2      105883.896   53  211873.793   211875.433   212200.947
292  DCMut+R3      105372.665   55  210855.331   210857.097   211194.831
293  DCMut+R4      105315.950   57  210745.900   210747.797   211097.746
294  DCMut+R5      105315.713   59  210749.427   210751.460   211113.618
300  DCMut+F       108318.141   70  216776.282   216779.145   217208.373
301  DCMut+F+I     107390.665   71  214923.330   214926.276   215361.594
302  DCMut+F+G4    104754.171   71  209650.342   209653.288   210088.606
303  DCMut+F+I+G4  104730.176   72  209604.352   209607.381   210048.788
304  DCMut+F+R2    105235.147   72  210614.294   210617.323   211058.730
305  DCMut+F+R3    104754.022   74  209656.043   209659.244   210112.825
306  DCMut+F+R4    104686.956   76  209525.911   209529.288   209995.039
307  DCMut+F+R5    104686.949   78  209529.898   209533.456   210011.371
313  PMB           106359.127   51  212820.253   212821.773   213135.062
314  PMB+I         105664.830   52  211433.659   211435.239   211754.641
315  PMB+G4        103931.130   52  207966.259   207967.839   208287.241
316  PMB+I+G4      103910.813   53  207927.626   207929.266   208254.780
317  PMB+R2        104140.106   53  208386.212   208387.853   208713.367
318  PMB+R3        103921.822   55  207953.644   207955.410   208293.144
319  PMB+R4        103900.519   57  207915.038   207916.936   208266.884
320  PMB+R5        103900.361   59  207918.721   207920.754   208282.912
326  PMB+F         106179.287   70  212498.573   212501.436   212930.664
327  PMB+F+I       105478.980   71  211099.960   211102.905   211538.223
328  PMB+F+G4      103724.018   71  207590.036   207592.981   208028.300
329  PMB+F+I+G4    103703.757   72  207551.513   207554.543   207995.950
330  PMB+F+R2      103936.751   72  208017.503   208020.532   208461.939
331  PMB+F+R3      103716.523   74  207581.047   207584.248   208037.829
332  PMB+F+R4      103691.682   76  207535.365   207538.742   208004.492
333  PMB+F+R5      103691.666   78  207539.332   207542.889   208020.805
339  HIVb          111957.745   51  224017.490   224019.009   224332.299
340  HIVb+I        110763.915   52  221631.830   221633.409   221952.811
341  HIVb+G4       107293.710   52  214691.420   214692.999   215012.402
342  HIVb+I+G4     107261.188   53  214628.376   214630.017   214955.531
343  HIVb+R2       107939.424   53  215984.847   215986.488   216312.002
344  HIVb+R3       107334.333   55  214778.665   214780.432   215118.165
345  HIVb+R4       107231.087   57  214576.173   214578.070   214928.019
346  HIVb+R5       107231.084   59  214580.168   214582.201   214944.359
352  HIVb+F        112182.777   70  224505.554   224508.417   224937.645
353  HIVb+F+I      110999.043   71  222140.086   222143.031   222578.350
354  HIVb+F+G4     107332.632   71  214807.265   214810.210   215245.528
355  HIVb+F+I+G4   107304.792   72  214753.584   214756.614   215198.021
356  HIVb+F+R2     108000.783   72  216145.566   216148.596   216590.003
357  HIVb+F+R3     107386.799   74  214921.598   214924.799   215378.380
358  HIVb+F+R4     107274.188   76  214700.376   214703.752   215169.503
359  HIVb+F+R5     107274.165   78  214704.331   214707.889   215185.804
365  HIVw          116676.883   51  233455.766   233457.285   233770.575
366  HIVw+I        115365.619   52  230835.237   230836.816   231156.219
367  HIVw+G4       111722.170   52  223548.340   223549.920   223869.322
368  HIVw+I+G4     111680.382   53  223466.764   223468.405   223793.919
369  HIVw+R2       112477.868   53  225061.737   225063.377   225388.891
370  HIVw+R3       111747.367   55  223604.735   223606.501   223944.235
371  HIVw+R4       111658.407   57  223430.814   223432.712   223782.660
372  HIVw+R5       111658.338   59  223434.676   223436.708   223798.867
378  HIVw+F        115829.099   70  231798.198   231801.061   232230.289
379  HIVw+F+I      114482.205   71  229106.411   229109.356   229544.674
380  HIVw+F+G4     110717.239   71  221576.478   221579.424   222014.742
381  HIVw+F+I+G4   110680.811   72  221505.623   221508.652   221950.059
382  HIVw+F+R2     111501.734   72  223147.469   223150.498   223591.905
383  HIVw+F+R3     110756.223   74  221660.446   221663.647   222117.228
384  HIVw+F+R4     110652.207   76  221456.415   221459.792   221925.542
385  HIVw+F+R5     110652.133   78  221460.267   221463.824   221941.739
391  JTTDCMut      108118.924   51  216339.848   216341.367   216654.657
392  JTTDCMut+I    107181.231   52  214466.462   214468.042   214787.444
393  JTTDCMut+G4   104695.484   52  209494.968   209496.547   209815.949
394  JTTDCMut+I+G4 104673.641   53  209453.281   209454.922   209780.436
395  JTTDCMut+R2   105128.430   53  210362.859   210364.500   210690.014
396  JTTDCMut+R3   104690.715   55  209491.430   209493.197   209830.931
397  JTTDCMut+R4   104642.096   57  209398.193   209400.090   209750.039
398  JTTDCMut+R5   104641.961   59  209401.922   209403.955   209766.113
404  JTTDCMut+F    108086.102   70  216312.203   216315.066   216744.294
405  JTTDCMut+F+I  107181.299   71  214504.598   214507.544   214942.862
406  JTTDCMut+F+G4 104617.534   71  209377.067   209380.013   209815.331
407  JTTDCMut+F+I+G4 104600.247   72  209344.493   209347.523   209788.930
408  JTTDCMut+F+R2 105045.970   72  210235.939   210238.969   210680.376
409  JTTDCMut+F+R3 104620.702   74  209389.403   209392.604   209846.185
410  JTTDCMut+F+R4 104566.053   76  209284.106   209287.483   209753.234
411  JTTDCMut+F+R5 104566.015   78  209288.030   209291.588   209769.503
417  FLU           110656.082   51  221414.164   221415.683   221728.973
418  FLU+I         109684.024   52  219472.048   219473.628   219793.030
419  FLU+G4        106453.447   52  213010.894   213012.473   213331.875
420  FLU+I+G4      106433.152   53  212972.305   212973.945   213299.459
421  FLU+R2        106981.337   53  214068.674   214070.314   214395.828
422  FLU+R3        106485.853   55  213081.706   213083.472   213421.206
423  FLU+R4        106400.489   57  212914.978   212916.875   213266.823
424  FLU+R5        106400.408   59  212918.815   212920.848   213283.006
430  FLU+F         110728.177   70  221596.354   221599.217   222028.445
431  FLU+F+I       109785.082   71  219712.164   219715.109   220150.428
432  FLU+F+G4      106287.373   71  212716.746   212719.691   213155.009
433  FLU+F+I+G4    106271.474   72  212686.948   212689.978   213131.385
434  FLU+F+R2      106820.334   72  213784.669   213787.698   214229.105
435  FLU+F+R3      106335.195   74  212818.389   212821.590   213275.171
436  FLU+F+R4      106237.243   76  212626.486   212629.863   213095.614
437  FLU+F+R5      106237.101   78  212630.202   212633.759   213111.675
443  Blosum62      106140.605   51  212383.209   212384.729   212698.019
444  Blosum62+I    105466.065   52  211036.129   211037.708   211357.111
445  Blosum62+G4   103701.976   52  207507.952   207509.532   207828.934
446  Blosum62+I+G4 103683.493   53  207472.986   207474.626   207800.141
447  Blosum62+R2   103915.842   53  207937.683   207939.324   208264.838
448  Blosum62+R3   103692.438   55  207494.875   207496.642   207834.375
449  Blosum62+R4   103672.919   57  207459.837   207461.735   207811.683
450  Blosum62+R5   103672.658   59  207463.315   207465.348   207827.506
456  Blosum62+F    106097.055   70  212334.111   212336.974   212766.202
457  Blosum62+F+I  105415.142   71  210972.285   210975.230   211410.549
458  Blosum62+F+G4 103641.386   71  207424.773   207427.718   207863.037
459  Blosum62+F+I+G4 103622.567   72  207389.133   207392.162   207833.570
460  Blosum62+F+R2 103856.552   72  207857.104   207860.134   208301.541
461  Blosum62+F+R3 103632.392   74  207412.784   207415.985   207869.566
462  Blosum62+F+R4 103610.430   76  207372.860   207376.237   207841.987
463  Blosum62+F+R5 103610.274   78  207376.548   207380.106   207858.021
469  mtMet         115986.949   51  232075.898   232077.417   232390.707
470  mtMet+I       115249.802   52  230603.604   230605.184   230924.586
471  mtMet+G4      110182.094   52  220468.187   220469.767   220789.169
472  mtMet+I+G4    110180.679   53  220467.358   220468.998   220794.512
473  mtMet+R2      110865.397   53  221836.794   221838.435   222163.949
474  mtMet+R3      110231.332   55  220572.664   220574.431   220912.164
475  mtMet+R4      110161.101   57  220436.202   220438.100   220788.048
476  mtMet+R5      110159.966   59  220437.932   220439.965   220802.123
482  mtMet+F       111007.803   70  222155.607   222158.470   222587.698
483  mtMet+F+I     110153.458   71  220448.916   220451.861   220887.180
484  mtMet+F+G4    106110.190   71  212362.379   212365.325   212800.643
485  mtMet+F+I+G4  106105.646   72  212355.293   212358.322   212799.729
486  mtMet+F+R2    106750.178   72  213644.357   213647.386   214088.793
487  mtMet+F+R3    106159.750   74  212467.500   212470.701   212924.282
488  mtMet+F+R4    106091.654   76  212335.308   212338.685   212804.435
489  mtMet+F+R5    106090.685   78  212337.371   212340.928   212818.844
495  mtVer         118912.585   51  237927.170   237928.689   238241.979
496  mtVer+I       118100.255   52  236304.509   236306.088   236625.491
497  mtVer+G4      111957.933   52  224019.866   224021.445   224340.848
498  mtVer+I+G4    111954.319   53  224014.638   224016.279   224341.793
499  mtVer+R2      112802.438   53  225710.875   225712.516   226038.030
500  mtVer+R3      112048.269   55  224206.538   224208.305   224546.038
501  mtVer+R4      111959.038   57  224032.076   224033.973   224383.921
502  mtVer+R5      111957.909   59  224033.819   224035.851   224398.010
508  mtVer+F       113785.748   70  227711.496   227714.359   228143.587
509  mtVer+F+I     112763.381   71  225668.762   225671.708   226107.026
510  mtVer+F+G4    108119.060   71  216380.121   216383.066   216818.384
511  mtVer+F+I+G4  108113.666   72  216371.332   216374.362   216815.769
512  mtVer+F+R2    108925.602   72  217995.204   217998.234   218439.641
513  mtVer+F+R3    108212.160   74  216572.319   216575.520   217029.101
514  mtVer+F+R4    108129.069   76  216410.138   216413.514   216879.265
515  mtVer+F+R5    108128.041   78  216412.082   216415.640   216893.555
521  mtInv         115119.063   51  230340.125   230341.645   230654.934
522  mtInv+I       114382.421   52  228868.841   228870.420   229189.823
523  mtInv+G4      110172.325   52  220448.651   220450.230   220769.633
524  mtInv+I+G4    110170.970   53  220447.939   220449.580   220775.094
525  mtInv+R2      110766.716   53  221639.431   221641.072   221966.586
526  mtInv+R3      110200.669   55  220511.338   220513.105   220850.838
527  mtInv+R4      110143.306   57  220400.612   220402.509   220752.458
528  mtInv+R5      110142.817   59  220403.633   220405.666   220767.824
534  mtInv+F       109103.884   70  218347.769   218350.632   218779.860
535  mtInv+F+I     108278.895   71  216699.789   216702.735   217138.053
536  mtInv+F+G4    104979.300   71  210100.599   210103.545   210538.863
537  mtInv+F+I+G4  104973.001   72  210090.002   210093.032   210534.439
538  mtInv+F+R2    105522.050   72  211188.100   211191.130   211632.537
539  mtInv+F+R3    105002.103   74  210152.206   210155.407   210608.988
540  mtInv+F+R4    104941.086   76  210034.173   210037.550   210503.300
541  mtInv+F+R5    104941.009   78  210038.017   210041.575   210519.490
Akaike Information Criterion:           LG+R4
Corrected Akaike Information Criterion: LG+R4
Bayesian Information Criterion:         LG+R4
Best-fit model: LG+R4 chosen according to BIC

All model information printed to /home1/alex/projects/ch3-netbio/data/2.1.Phylogenetics_PhySpeTree/bac_species.txt.hcp/iqtree.tree.model.gz
CPU time for ModelFinder: 6976.402 seconds (1h:56m:16s)
Wall-clock time for ModelFinder: 7046.749 seconds (1h:57m:26s)

NOTE: 55 MB RAM (0 GB) is required!
Estimate model parameters (epsilon = 0.100)
1. Initial log-likelihood: -103043.468
2. Current log-likelihood: -102991.137
3. Current log-likelihood: -102985.370
4. Current log-likelihood: -102982.495
5. Current log-likelihood: -102980.702
6. Current log-likelihood: -102979.458
7. Current log-likelihood: -102978.577
8. Current log-likelihood: -102977.900
9. Current log-likelihood: -102977.323
10. Current log-likelihood: -102976.823
11. Current log-likelihood: -102976.381
12. Current log-likelihood: -102975.987
13. Current log-likelihood: -102975.642
14. Current log-likelihood: -102975.333
15. Current log-likelihood: -102975.064
16. Current log-likelihood: -102974.824
17. Current log-likelihood: -102974.608
18. Current log-likelihood: -102974.420
19. Current log-likelihood: -102974.251
20. Current log-likelihood: -102974.099
21. Current log-likelihood: -102973.969
22. Current log-likelihood: -102973.844
23. Current log-likelihood: -102973.728
24. Current log-likelihood: -102973.623
Optimal log-likelihood: -102973.519
Site proportion and rates:  (0.221,0.151) (0.367,0.592) (0.301,1.370) (0.110,3.051)
Parameters optimization took 24 rounds (118.310 sec)
Computing ML distances based on estimated model parameters... 0.366 sec
Computing BIONJ tree...
0.001 seconds
Log-likelihood of BIONJ tree: -102926.305
--------------------------------------------------------------------
|             INITIALIZING CANDIDATE TREE SET                      |
--------------------------------------------------------------------
Generating 98 parsimony trees... 4.456 second
Computing log-likelihood of 98 initial trees ... 101.244 seconds
Current best score: -102870.522

Do NNI search on 20 best initial trees
Estimate model parameters (epsilon = 0.100)
BETTER TREE FOUND at iteration 1: -102844.036
Estimate model parameters (epsilon = 0.100)
BETTER TREE FOUND at iteration 5: -102841.995
Iteration 10 / LogL: -102847.486 / Time: 0h:5m:36s
Estimate model parameters (epsilon = 0.100)
BETTER TREE FOUND at iteration 16: -102836.123
Iteration 20 / LogL: -102948.500 / Time: 0h:7m:12s
Finish initializing candidate tree set (14)
Current best tree score: -102836.123 / CPU time: 308.752
Number of iterations: 20
--------------------------------------------------------------------
|               OPTIMIZING CANDIDATE TREE SET                      |
--------------------------------------------------------------------
Iteration 30 / LogL: -102853.846 / Time: 0h:9m:2s (0h:26m:47s left)
Iteration 40 / LogL: -102847.603 / Time: 0h:10m:38s (0h:20m:45s left)
Iteration 50 / LogL: -102844.678 / Time: 0h:12m:31s (0h:16m:52s left)
Iteration 60 / LogL: -102846.025 / Time: 0h:14m:39s (0h:13m:55s left)
Iteration 70 / LogL: -102842.067 / Time: 0h:16m:43s (0h:11m:9s left)
Iteration 80 / LogL: -102837.093 / Time: 0h:18m:40s (0h:8m:30s left)
Iteration 90 / LogL: -102844.294 / Time: 0h:20m:47s (0h:6m:4s left)
Iteration 100 / LogL: -102863.514 / Time: 0h:22m:33s (0h:3m:38s left)
Iteration 110 / LogL: -102861.053 / Time: 0h:24m:24s (0h:1m:20s left)
TREE SEARCH COMPLETED AFTER 117 ITERATIONS / Time: 0h:25m:39s

--------------------------------------------------------------------
|                    FINALIZING TREE SEARCH                        |
--------------------------------------------------------------------
Performs final model parameters optimization
Estimate model parameters (epsilon = 0.010)
1. Initial log-likelihood: -102836.123
2. Current log-likelihood: -102836.112
3. Current log-likelihood: -102836.102
4. Current log-likelihood: -102836.088
Optimal log-likelihood: -102836.072
Site proportion and rates:  (0.225,0.153) (0.385,0.612) (0.293,1.450) (0.097,3.143)
Parameters optimization took 4 rounds (14.142 sec)
BEST SCORE FOUND : -102836.072
Total tree length: 9.645

Total number of iterations: 117
CPU time used for tree search: 1403.062 sec (0h:23m:23s)
Wall-clock time used for tree search: 1416.200 sec (0h:23m:36s)
Total CPU time used: 1539.310 sec (0h:25m:39s)
Total wall-clock time used: 1553.878 sec (0h:25m:53s)

Analysis results written to: 
  IQ-TREE report:                /home1/alex/projects/ch3-netbio/data/2.1.Phylogenetics_PhySpeTree/bac_species.txt.hcp/iqtree.tree.iqtree
  Maximum-likelihood tree:       /home1/alex/projects/ch3-netbio/data/2.1.Phylogenetics_PhySpeTree/bac_species.txt.hcp/iqtree.tree.treefile
  Likelihood distances:          /home1/alex/projects/ch3-netbio/data/2.1.Phylogenetics_PhySpeTree/bac_species.txt.hcp/iqtree.tree.mldist
  Screen log file:               /home1/alex/projects/ch3-netbio/data/2.1.Phylogenetics_PhySpeTree/bac_species.txt.hcp/iqtree.tree.log

Date and Time: Fri Aug 19 18:23:04 2022
